SF:packages/libsidplayfp-wasm/dist/index.js
DA:1,57
DA:3,92
DA:4,102
DA:5,1
DA:7,63
DA:8,74
DA:9,1
DA:10,61
DA:11,0
DA:12,0
DA:13,0
DA:14,0
DA:15,0
DA:16,0
DA:17,0
DA:18,0
DA:19,0
DA:20,0
DA:21,1
DA:23,45
DA:24,31
LF:21
LH:11
end_of_record
SF:packages/libsidplayfp-wasm/dist/libsidplayfp.js
DA:1,248585
DA:2,68
LF:2
LH:2
end_of_record
SF:packages/libsidplayfp-wasm/dist/player.js
DA:1,92
DA:2,68
DA:3,54
DA:4,67
DA:12,1
DA:13,0
DA:14,0
DA:15,35
DA:17,0
DA:18,0
DA:19,0
DA:20,0
DA:21,0
DA:22,0
DA:23,45
DA:25,0
DA:26,0
DA:27,0
DA:28,7
DA:30,0
DA:31,26
DA:33,2
DA:34,60
DA:35,32
DA:36,18
DA:37,20
DA:38,26
DA:39,18
DA:40,36
DA:41,42
DA:42,54
DA:43,46
DA:44,44
DA:45,38
DA:46,44
DA:47,40
DA:48,36
DA:49,54
DA:50,34
DA:51,44
DA:52,50
DA:53,38
DA:54,36
DA:55,40
DA:56,58
DA:57,54
DA:58,25
DA:59,0
DA:60,0
DA:61,0
DA:62,0
DA:63,0
DA:64,0
DA:65,0
DA:66,0
DA:67,0
DA:68,0
DA:69,0
DA:70,0
DA:71,0
DA:72,0
DA:73,0
DA:74,0
DA:75,0
DA:76,0
DA:77,0
DA:78,0
DA:79,0
DA:80,0
DA:81,0
DA:82,0
DA:83,0
DA:84,0
DA:85,0
DA:86,0
DA:87,0
DA:88,0
DA:89,0
DA:90,0
DA:91,0
DA:92,0
DA:93,0
DA:94,0
DA:95,0
DA:96,17
DA:98,0
DA:99,0
DA:100,0
DA:101,0
DA:102,99
DA:104,0
DA:105,0
DA:106,0
DA:107,0
DA:108,0
DA:109,0
DA:110,0
DA:111,0
DA:112,0
DA:113,0
DA:114,0
DA:115,0
DA:116,0
DA:117,0
DA:118,0
DA:119,0
DA:120,0
DA:121,0
DA:122,0
DA:123,0
DA:124,0
DA:125,0
DA:126,0
DA:127,0
DA:128,0
DA:129,0
DA:130,0
DA:131,0
DA:132,0
DA:133,0
DA:134,21
DA:138,0
DA:139,0
DA:140,0
DA:141,0
DA:142,0
DA:143,0
DA:144,0
DA:145,0
DA:146,0
DA:147,0
DA:148,0
DA:149,0
DA:150,0
DA:151,0
DA:152,0
DA:153,0
DA:154,0
DA:155,0
DA:156,0
DA:157,0
DA:158,0
DA:159,0
DA:160,0
DA:161,0
DA:162,0
DA:163,0
DA:164,0
DA:165,0
DA:166,0
DA:167,0
DA:168,0
DA:169,0
DA:170,0
DA:171,0
DA:172,0
DA:173,0
DA:174,0
DA:175,0
DA:176,0
DA:177,0
DA:178,0
DA:179,0
DA:180,0
DA:181,0
DA:182,0
DA:183,0
DA:184,0
DA:185,0
DA:186,0
DA:187,0
DA:188,0
DA:189,0
DA:190,0
DA:191,0
DA:192,0
DA:193,0
DA:194,0
DA:195,0
DA:196,0
DA:197,0
DA:198,0
DA:199,0
DA:200,0
DA:201,0
DA:202,0
DA:203,0
DA:204,0
DA:205,0
DA:206,0
DA:207,0
DA:208,0
DA:209,0
DA:210,0
DA:211,0
DA:212,0
DA:213,0
DA:214,0
DA:215,0
DA:216,0
DA:217,0
DA:218,0
DA:219,21
DA:221,0
DA:222,0
DA:223,0
DA:224,0
DA:225,40
DA:227,0
DA:228,0
DA:229,0
DA:230,0
DA:231,42
DA:233,0
DA:234,0
DA:235,0
DA:236,0
DA:237,40
DA:239,0
DA:240,0
DA:241,0
DA:242,0
DA:243,27
DA:245,0
DA:246,0
DA:247,0
DA:248,0
DA:249,0
DA:250,0
DA:251,0
DA:252,0
DA:253,0
DA:254,0
DA:255,0
DA:256,0
DA:257,0
DA:258,0
DA:259,0
DA:260,0
DA:261,0
DA:262,0
DA:263,0
DA:264,0
DA:265,0
DA:266,0
DA:267,0
DA:268,0
DA:269,0
DA:270,0
DA:271,0
DA:272,0
DA:273,0
DA:274,0
DA:275,0
DA:276,0
DA:277,0
DA:278,0
DA:279,0
DA:280,0
DA:281,0
DA:282,0
DA:283,0
DA:284,0
DA:285,0
DA:286,0
DA:287,0
DA:288,0
DA:289,0
DA:290,0
DA:291,0
DA:292,0
DA:293,0
DA:294,0
DA:295,0
DA:296,0
DA:297,0
DA:298,0
DA:299,0
DA:300,0
DA:301,0
DA:302,0
DA:303,0
DA:304,0
DA:305,0
DA:306,0
DA:307,0
DA:308,0
DA:309,0
DA:310,0
DA:311,0
DA:312,0
DA:313,0
DA:314,0
DA:315,0
DA:316,0
DA:317,0
DA:318,0
DA:319,0
DA:320,0
DA:321,0
DA:322,0
DA:323,0
DA:324,0
DA:325,76
DA:327,0
DA:328,0
DA:329,0
DA:330,0
DA:331,0
DA:332,0
DA:333,0
DA:334,0
DA:335,0
DA:336,0
DA:337,0
DA:338,0
DA:339,0
DA:340,0
DA:341,0
DA:342,0
DA:343,0
DA:344,0
DA:345,0
DA:346,0
DA:347,0
DA:348,0
DA:349,0
DA:350,0
DA:351,0
DA:352,0
DA:353,0
DA:354,0
DA:355,0
DA:356,0
DA:357,0
DA:358,0
DA:359,0
DA:360,0
DA:361,0
DA:362,0
DA:363,0
DA:364,0
DA:365,0
DA:366,0
DA:367,0
DA:368,0
DA:369,0
DA:370,0
DA:371,0
DA:372,35
DA:374,0
DA:375,0
DA:376,0
DA:377,0
DA:378,0
DA:379,0
DA:380,0
DA:381,0
DA:382,0
DA:383,0
DA:384,0
DA:385,0
DA:386,0
DA:387,0
DA:388,0
DA:389,0
DA:390,0
DA:391,0
DA:392,0
DA:393,0
DA:394,0
DA:395,0
DA:396,0
DA:397,0
DA:398,0
DA:399,0
DA:400,0
DA:401,0
DA:402,0
DA:403,0
DA:404,0
DA:405,0
DA:406,0
DA:407,0
DA:408,0
DA:409,0
DA:410,21
DA:412,0
DA:413,0
DA:414,0
DA:415,0
DA:416,0
DA:417,0
DA:418,0
DA:419,0
DA:420,31
DA:422,0
DA:423,0
DA:424,34
DA:426,0
DA:427,0
DA:428,0
DA:429,0
DA:430,0
DA:431,0
DA:432,0
DA:433,0
DA:434,0
DA:435,0
DA:436,0
DA:437,0
DA:438,0
DA:439,0
DA:440,0
DA:441,0
DA:442,0
DA:443,0
DA:444,0
DA:445,0
DA:446,0
DA:447,0
DA:448,0
DA:449,0
DA:450,0
DA:451,0
DA:452,0
DA:453,0
DA:454,0
DA:455,0
DA:456,0
DA:457,0
DA:458,0
DA:459,0
DA:460,0
DA:461,0
DA:462,0
DA:463,0
DA:464,0
DA:465,0
DA:466,0
DA:467,0
DA:468,0
DA:469,0
DA:470,0
DA:471,0
DA:472,0
DA:473,0
DA:474,0
DA:475,0
DA:476,0
DA:477,0
DA:478,0
DA:479,0
DA:480,0
DA:481,0
DA:482,0
DA:483,0
DA:484,0
DA:485,0
DA:486,0
DA:487,0
DA:488,0
DA:489,0
DA:490,0
DA:491,0
DA:492,0
DA:493,0
DA:494,0
DA:495,0
DA:496,0
DA:497,27
DA:499,0
DA:500,0
DA:501,0
DA:502,51
DA:508,0
DA:509,0
DA:510,0
DA:511,35
DA:513,2
LF:480
LH:52
end_of_record
SF:packages/libsidplayfp-wasm/src/index.ts
DA:1,57
DA:8,92
DA:9,102
DA:10,1
DA:13,63
DA:14,74
DA:15,1
DA:25,61
DA:27,6
DA:28,13
DA:29,3
DA:30,53
DA:31,48
DA:32,0
DA:33,4
DA:34,47
DA:37,40
DA:38,12
DA:39,20
DA:40,3
DA:49,45
DA:51,31
LF:22
LH:21
end_of_record
SF:packages/libsidplayfp-wasm/src/player.ts
DA:6,92
DA:8,68
DA:9,54
DA:10,67
DA:19,1
DA:21,147
DA:22,54
DA:23,66
DA:26,0
DA:27,0
DA:28,0
DA:29,0
DA:30,0
DA:31,0
DA:32,45
DA:35,0
DA:36,0
DA:37,0
DA:38,7
DA:41,21
DA:42,49
DA:44,2
DA:53,60
DA:54,32
DA:55,18
DA:56,20
DA:57,26
DA:58,18
DA:59,36
DA:60,42
DA:61,54
DA:62,46
DA:63,44
DA:64,38
DA:65,44
DA:66,40
DA:67,36
DA:68,54
DA:69,34
DA:70,44
DA:71,50
DA:72,38
DA:73,36
DA:74,40
DA:75,58
DA:76,54
DA:77,25
DA:79,51
DA:80,26
DA:81,58
DA:82,34
DA:83,26
DA:84,54
DA:85,42
DA:86,24
DA:87,84
DA:88,66
DA:89,140
DA:90,150
DA:93,138
DA:94,135
DA:95,151
DA:98,28
DA:99,47
DA:100,41
DA:101,9
DA:102,86
DA:103,49
DA:106,39
DA:107,90
DA:108,88
DA:109,106
DA:110,77
DA:111,9
DA:112,33
DA:115,47
DA:116,106
DA:117,72
DA:118,40
DA:119,9
DA:120,60
DA:121,42
DA:122,40
DA:123,9
DA:124,46
DA:125,54
DA:126,28
DA:129,34
DA:130,77
DA:131,59
DA:132,5
DA:133,99
DA:136,37
DA:137,64
DA:138,11
DA:139,9
DA:141,131
DA:142,17
DA:143,5
DA:145,11
DA:146,34
DA:147,24
DA:148,23
DA:149,23
DA:150,8
DA:151,23
DA:152,42
DA:153,7
DA:154,64
DA:155,21
DA:156,37
DA:157,37
DA:158,37
DA:159,78
DA:160,103
DA:161,14
DA:162,9
DA:163,7
DA:165,13
DA:166,44
DA:167,31
DA:168,102
DA:169,104
DA:170,14
DA:171,21
DA:176,64
DA:177,54
DA:178,44
DA:179,9
DA:181,56
DA:182,70
DA:183,98
DA:184,78
DA:185,156
DA:186,94
DA:187,92
DA:189,104
DA:192,33
DA:193,64
DA:194,13
DA:195,9
DA:196,194
DA:197,78
DA:198,72
DA:199,0
DA:200,0
DA:201,0
DA:202,0
DA:203,0
DA:204,0
DA:205,0
DA:206,0
DA:207,0
DA:208,0
DA:209,0
DA:210,0
DA:211,0
DA:212,0
DA:213,0
DA:214,0
DA:215,0
DA:216,0
DA:217,0
DA:218,0
DA:219,0
DA:220,0
DA:221,0
DA:222,0
DA:223,0
DA:224,0
DA:225,0
DA:226,0
DA:227,0
DA:228,0
DA:229,0
DA:230,0
DA:231,0
DA:232,0
DA:233,0
DA:234,0
DA:235,0
DA:236,0
DA:237,0
DA:238,0
DA:239,0
DA:240,0
DA:241,0
DA:242,0
DA:243,0
DA:244,0
DA:245,0
DA:246,0
DA:247,0
DA:248,0
DA:249,0
DA:250,0
DA:251,0
DA:252,0
DA:253,12
DA:256,37
DA:257,102
DA:258,60
DA:259,54
DA:260,58
DA:261,76
DA:266,44
DA:267,64
DA:268,58
DA:269,9
DA:270,126
DA:271,54
DA:272,58
DA:273,102
DA:275,36
DA:278,27
DA:279,44
DA:280,50
DA:281,9
DA:282,73
DA:285,29
DA:286,44
DA:287,50
DA:288,9
DA:289,77
DA:292,27
DA:293,44
DA:294,16
DA:295,9
DA:296,73
DA:299,0
DA:300,0
DA:301,0
DA:302,0
DA:303,27
DA:306,52
DA:307,84
DA:308,16
DA:309,9
DA:310,28
DA:311,22
DA:312,83
DA:313,26
DA:314,36
DA:316,46
DA:317,16
DA:318,9
DA:319,54
DA:320,29
DA:321,9
DA:322,52
DA:325,16
DA:326,18
DA:327,44
DA:328,23
DA:329,10
DA:330,42
DA:331,58
DA:332,9
DA:333,91
DA:334,53
DA:335,9
DA:338,66
DA:339,94
DA:340,86
DA:341,130
DA:342,133
DA:345,15
DA:346,16
DA:347,44
DA:348,28
DA:349,41
DA:350,10
DA:351,40
DA:352,61
DA:353,9
DA:354,84
DA:355,29
DA:356,9
DA:358,66
DA:359,86
DA:360,86
DA:361,96
DA:362,38
DA:363,128
DA:364,46
DA:365,180
DA:367,73
DA:368,100
DA:369,80
DA:370,74
DA:372,91
DA:373,48
DA:374,92
DA:375,35
DA:376,16
DA:377,11
DA:378,35
DA:379,17
DA:380,17
DA:381,17
DA:382,13
DA:384,42
DA:386,156
DA:387,57
DA:388,24
DA:389,13
DA:391,134
DA:392,52
DA:393,54
DA:395,93
DA:397,68
DA:398,100
DA:399,31
DA:400,71
DA:402,9
DA:404,144
DA:407,56
DA:408,160
DA:409,38
DA:410,44
DA:411,31
DA:412,34
DA:413,28
DA:414,9
DA:416,104
DA:417,81
DA:418,27
DA:419,9
DA:420,0
DA:421,0
DA:422,0
DA:423,0
DA:424,0
DA:425,0
DA:426,0
DA:427,0
DA:428,0
DA:429,0
DA:430,0
DA:431,0
DA:432,0
DA:433,0
DA:434,0
DA:435,0
DA:436,0
DA:437,0
DA:438,0
DA:439,0
DA:440,0
DA:441,0
DA:442,0
DA:443,0
DA:444,0
DA:445,0
DA:446,0
DA:447,0
DA:448,0
DA:449,0
DA:450,0
DA:451,0
DA:452,0
DA:453,0
DA:454,0
DA:455,0
DA:456,35
DA:459,0
DA:460,0
DA:461,0
DA:462,0
DA:463,0
DA:464,0
DA:465,0
DA:466,0
DA:467,0
DA:468,0
DA:469,0
DA:470,0
DA:471,0
DA:472,0
DA:473,0
DA:474,0
DA:475,0
DA:476,0
DA:477,0
DA:478,0
DA:479,0
DA:480,0
DA:481,0
DA:482,0
DA:483,0
DA:484,0
DA:485,0
DA:486,0
DA:487,0
DA:488,0
DA:489,0
DA:490,0
DA:491,0
DA:492,0
DA:493,0
DA:494,0
DA:495,21
DA:498,31
DA:499,50
DA:500,58
DA:501,52
DA:502,58
DA:503,54
DA:504,50
DA:505,68
DA:506,58
DA:509,33
DA:510,58
DA:511,64
DA:514,0
DA:515,0
DA:516,0
DA:517,0
DA:518,0
DA:519,0
DA:520,0
DA:521,0
DA:522,0
DA:523,0
DA:524,0
DA:525,0
DA:526,0
DA:527,0
DA:528,0
DA:529,0
DA:530,0
DA:531,0
DA:532,0
DA:533,0
DA:534,0
DA:535,0
DA:536,0
DA:537,0
DA:538,0
DA:539,0
DA:540,0
DA:541,0
DA:542,0
DA:543,0
DA:544,0
DA:545,0
DA:546,0
DA:547,0
DA:548,0
DA:549,0
DA:550,0
DA:551,0
DA:552,0
DA:553,0
DA:554,0
DA:555,0
DA:556,0
DA:557,0
DA:558,0
DA:559,0
DA:560,0
DA:561,0
DA:562,0
DA:563,0
DA:564,0
DA:565,0
DA:566,0
DA:567,0
DA:568,0
DA:569,0
DA:570,0
DA:571,0
DA:572,0
DA:573,0
DA:574,0
DA:575,0
DA:576,0
DA:577,0
DA:578,0
DA:579,0
DA:580,0
DA:581,0
DA:582,0
DA:583,0
DA:584,0
DA:585,0
DA:586,0
DA:587,0
DA:588,0
DA:589,27
DA:592,0
DA:593,0
DA:594,0
DA:595,0
DA:596,51
DA:604,23
DA:605,56
DA:606,54
DA:607,67
DA:609,2
LF:500
LH:282
end_of_record
SF:packages/sidflow-classify/src/cli.ts
DA:3,25
DA:4,29
DA:5,35
DA:6,41
DA:8,162
DA:28,33
DA:45,30
DA:46,13
DA:47,20
DA:48,21
DA:49,23
DA:50,22
DA:51,20
DA:52,9
DA:53,3
DA:55,15
DA:56,21
DA:57,20
DA:58,28
DA:60,56
DA:61,30
DA:62,26
DA:63,19
DA:64,29
DA:65,5
DA:66,5
DA:67,28
DA:68,36
DA:69,5
DA:70,5
DA:71,21
DA:72,29
DA:73,31
DA:74,30
DA:75,28
DA:76,37
DA:77,46
DA:78,49
DA:79,17
DA:80,38
DA:81,36
DA:82,52
DA:83,39
DA:84,54
DA:85,41
DA:86,53
DA:87,40
DA:88,19
DA:89,49
DA:91,27
DA:93,5
DA:94,9
DA:95,9
DA:96,38
DA:97,41
DA:98,50
DA:99,8
DA:100,0
DA:101,8
DA:103,5
DA:104,4
DA:107,25
DA:108,10
DA:109,2
DA:110,2
DA:112,41
DA:115,6
DA:116,19
DA:117,40
DA:118,7
DA:119,64
DA:120,7
DA:121,15
DA:122,70
DA:123,72
DA:124,79
DA:125,77
DA:126,79
DA:127,83
DA:128,58
DA:129,4
DA:130,44
DA:145,25
DA:146,21
DA:147,16
DA:148,19
DA:149,33
DA:150,75
DA:151,35
DA:152,65
DA:153,34
DA:154,67
DA:155,32
DA:156,59
DA:157,25
DA:158,23
DA:159,1
DA:161,1
DA:162,11
DA:163,11
DA:164,3
DA:165,56
DA:166,60
DA:167,34
DA:168,64
DA:169,39
DA:170,12
DA:171,2
DA:172,2
DA:173,103
DA:176,15
DA:177,20
DA:178,21
DA:179,2
DA:180,15
DA:181,22
DA:182,14
DA:183,47
DA:184,44
DA:185,1
DA:188,8
DA:189,19
DA:190,16
DA:191,2
DA:192,28
DA:193,17
DA:194,0
DA:195,2
DA:196,43
DA:197,53
DA:198,41
DA:201,12
DA:202,22
DA:204,0
DA:205,3
DA:208,11
DA:209,18
DA:210,29
DA:211,94
DA:212,0
DA:213,6
DA:214,24
DA:216,58
DA:217,57
DA:219,44
DA:220,13
DA:221,98
DA:222,8
DA:223,15
DA:224,72
DA:225,71
DA:226,13
DA:227,142
DA:228,16
DA:232,18
DA:233,29
DA:234,94
DA:235,0
DA:236,6
DA:237,24
DA:239,58
DA:240,57
DA:241,70
DA:242,69
DA:244,43
DA:245,13
DA:246,128
DA:247,8
DA:248,15
DA:249,13
DA:250,127
DA:251,16
DA:255,0
DA:256,0
DA:257,0
DA:258,0
DA:259,4
DA:262,10
DA:263,31
DA:265,1
DA:268,12
DA:269,29
DA:270,66
DA:271,12
DA:272,23
DA:273,47
DA:274,38
DA:275,45
DA:276,44
DA:277,53
DA:278,1
DA:281,12
DA:282,29
DA:283,12
DA:284,20
DA:285,47
DA:286,48
DA:287,48
DA:288,37
DA:289,63
DA:290,55
DA:291,45
DA:292,53
DA:293,2
DA:296,6
DA:297,6
DA:298,10
DA:299,3
DA:300,69
DA:302,42
DA:304,23
DA:305,16
DA:306,29
DA:307,2
DA:309,27
DA:310,34
DA:311,39
DA:312,6
DA:313,66
DA:314,8
DA:315,2
DA:317,9
DA:318,53
DA:319,37
DA:320,47
DA:321,7
DA:323,31
DA:324,11
DA:325,59
DA:326,6
DA:329,60
DA:330,74
DA:331,62
DA:332,73
DA:335,64
DA:336,25
DA:338,15
DA:339,32
DA:340,66
DA:341,4
DA:343,67
DA:344,41
DA:345,13
DA:346,14
DA:347,35
DA:348,67
DA:349,7
DA:351,31
DA:352,29
DA:354,53
DA:355,33
DA:356,78
DA:357,4
DA:359,49
DA:360,35
DA:361,80
DA:362,4
DA:364,49
DA:365,34
DA:366,79
DA:367,4
DA:369,75
DA:370,22
DA:371,23
DA:372,21
DA:373,14
DA:374,35
DA:375,71
DA:376,7
DA:378,31
DA:379,29
DA:381,23
DA:382,33
DA:383,39
DA:384,40
DA:385,6
DA:386,48
DA:387,9
DA:388,19
DA:389,68
DA:390,9
DA:394,20
DA:395,0
DA:397,0
LF:284
LH:273
end_of_record
SF:packages/sidflow-classify/src/essentia-features.ts
DA:1,44
DA:2,40
DA:3,29
DA:7,24
DA:8,20
DA:9,34
DA:10,29
DA:12,5
DA:13,32
DA:14,33
DA:15,11
DA:16,57
DA:18,49
DA:19,41
DA:20,29
DA:21,0
DA:22,2
DA:24,2
DA:25,63
DA:38,12
DA:40,46
DA:41,25
DA:42,56
DA:43,2
DA:46,47
DA:47,20
DA:48,0
DA:49,2
DA:52,18
DA:53,39
DA:54,65
DA:55,54
DA:57,30
DA:58,53
DA:59,59
DA:60,58
DA:61,56
DA:62,58
DA:63,61
DA:66,46
DA:67,47
DA:68,81
DA:69,66
DA:71,38
DA:72,20
DA:73,19
DA:74,24
DA:75,23
DA:76,21
DA:77,23
DA:78,26
DA:79,35
DA:80,1
DA:81,0
DA:83,0
DA:84,0
DA:86,0
DA:87,0
DA:89,0
DA:90,0
DA:92,0
DA:95,20
DA:97,18
DA:98,39
DA:99,65
DA:100,54
DA:102,30
DA:103,35
DA:104,54
DA:105,95
DA:106,53
DA:108,44
DA:109,20
DA:110,57
DA:111,90
DA:112,25
DA:114,45
DA:115,60
DA:116,51
DA:117,65
DA:118,50
DA:119,64
DA:120,11
DA:122,22
DA:123,8
DA:125,46
DA:126,6
DA:128,16
DA:129,4
DA:131,26
DA:132,0
DA:134,1
DA:145,66
DA:146,77
DA:149,37
DA:150,0
DA:151,2
DA:153,9
DA:155,65
DA:156,19
DA:158,52
DA:165,31
DA:167,41
DA:168,30
DA:171,44
DA:172,43
DA:173,56
DA:176,56
DA:178,22
DA:180,9
DA:182,52
DA:183,57
DA:184,49
DA:186,55
DA:187,47
DA:190,48
DA:191,29
DA:194,42
DA:195,23
DA:198,55
DA:199,36
DA:202,11
DA:203,88
DA:204,38
DA:205,50
DA:206,0
DA:208,0
DA:209,0
DA:213,0
DA:214,0
DA:216,0
DA:220,0
DA:221,0
DA:222,0
DA:224,0
DA:231,21
DA:232,9
DA:234,46
DA:235,45
DA:236,58
DA:239,54
DA:240,20
DA:241,17
DA:242,7
DA:245,23
DA:246,26
DA:247,34
DA:249,48
DA:250,34
DA:251,36
DA:253,76
DA:254,22
DA:255,6
DA:256,24
DA:257,4
DA:259,57
DA:260,49
DA:261,62
DA:264,78
DA:266,14
DA:267,13
DA:268,10
DA:269,23
DA:270,24
DA:271,22
DA:272,29
DA:273,28
DA:274,36
DA:275,53
DA:276,35
DA:277,30
DA:278,30
DA:279,49
DA:280,2
DA:281,19
DA:283,93
DA:284,16
DA:285,2
DA:289,11
DA:290,15
DA:291,57
DA:292,53
DA:293,2
DA:294,11
LF:184
LH:162
end_of_record
SF:packages/sidflow-classify/src/feature-cache.ts
DA:6,41
DA:7,68
DA:8,45
DA:9,29
DA:25,28
DA:28,14
DA:29,10
DA:30,12
DA:31,15
DA:32,14
DA:33,2
DA:36,31
DA:37,31
DA:42,12
DA:43,9
DA:44,44
DA:45,75
DA:46,11
DA:47,11
DA:54,23
DA:56,41
DA:57,66
DA:63,6
DA:64,9
DA:65,9
DA:66,3
DA:67,48
DA:68,18
DA:69,19
DA:70,11
DA:71,2
DA:74,44
DA:75,18
DA:77,48
DA:78,30
DA:79,19
DA:80,24
DA:81,0
DA:82,0
DA:84,2
DA:87,52
DA:88,32
DA:89,0
DA:90,0
DA:91,0
DA:92,0
DA:95,0
DA:96,0
DA:98,0
DA:100,0
DA:101,0
DA:102,0
DA:103,0
DA:104,0
DA:105,0
DA:107,0
DA:108,0
DA:109,0
DA:110,0
DA:113,2
DA:115,17
DA:116,12
DA:122,6
DA:123,9
DA:124,10
DA:125,9
DA:126,3
DA:127,48
DA:128,13
DA:129,0
DA:130,2
DA:132,19
DA:133,12
DA:134,13
DA:135,23
DA:136,4
DA:139,43
DA:140,0
DA:141,0
DA:142,0
DA:143,0
DA:144,2
DA:145,34
DA:148,52
DA:149,60
DA:150,21
DA:151,60
DA:157,6
DA:158,9
DA:159,10
DA:160,10
DA:161,3
DA:162,60
DA:163,16
DA:164,13
DA:165,2
DA:168,44
DA:169,51
DA:170,16
DA:176,0
DA:177,0
DA:178,0
DA:179,0
DA:180,0
DA:181,0
DA:182,0
DA:183,0
DA:184,0
DA:185,0
DA:186,0
DA:187,0
DA:188,0
DA:189,0
DA:190,0
DA:191,0
DA:192,0
DA:193,0
DA:194,0
DA:195,0
DA:196,0
DA:197,0
DA:198,0
DA:199,0
DA:200,0
DA:201,0
DA:202,0
DA:203,0
DA:204,0
DA:205,0
DA:206,0
DA:207,0
DA:208,0
DA:209,0
DA:210,0
DA:211,1
DA:217,8
DA:220,3
DA:221,15
DA:222,10
DA:223,33
DA:224,34
DA:225,2
DA:231,11
DA:232,13
DA:233,12
DA:234,14
DA:235,17
DA:236,15
DA:237,4
DA:243,11
DA:244,22
DA:245,26
LF:152
LH:93
end_of_record
SF:packages/sidflow-classify/src/index.ts
DA:1,360
DA:27,70
DA:28,25
DA:29,29
DA:30,64
DA:31,84
DA:32,102
DA:40,38
DA:41,37
DA:42,47
DA:58,15
DA:59,56
DA:60,41
DA:61,2
DA:62,38
DA:63,25
DA:66,1
DA:67,7
DA:68,13
DA:69,7
DA:70,3
DA:71,28
DA:72,6
DA:73,2
DA:74,65
DA:75,20
DA:78,31
DA:79,37
DA:80,11
DA:81,4
DA:82,30
DA:83,19
DA:84,17
DA:87,69
DA:88,37
DA:90,28
DA:92,27
DA:93,19
DA:94,42
DA:95,35
DA:96,21
DA:97,70
DA:98,10
DA:99,5
DA:100,6
DA:101,23
DA:103,77
DA:104,3
DA:105,4
DA:107,29
DA:117,35
DA:119,1
DA:120,9
DA:121,3
DA:122,35
DA:123,21
DA:125,36
DA:126,11
DA:127,59
DA:128,50
DA:129,38
DA:130,13
DA:132,22
DA:134,2
DA:136,39
DA:139,1
DA:140,6
DA:141,9
DA:142,11
DA:143,11
DA:144,3
DA:145,73
DA:146,23
DA:147,35
DA:148,2
DA:149,16
DA:166,6
DA:167,13
DA:168,3
DA:169,54
DA:170,34
DA:171,12
DA:172,11
DA:173,38
DA:174,30
DA:175,48
DA:176,52
DA:177,25
DA:178,2
DA:181,29
DA:184,69
DA:192,6
DA:193,6
DA:194,9
DA:195,11
DA:196,3
DA:198,70
DA:199,0
DA:200,0
DA:201,0
DA:202,0
DA:203,0
DA:204,2
DA:206,56
DA:207,30
DA:208,0
DA:209,2
DA:211,43
DA:212,67
DA:213,41
DA:214,32
DA:215,19
DA:216,56
DA:219,14
DA:220,33
DA:221,9
DA:222,2
DA:224,20
DA:226,14
DA:227,68
DA:228,35
DA:229,54
DA:230,33
DA:231,29
DA:232,8
DA:233,6
DA:234,29
DA:235,15
DA:236,6
DA:237,62
DA:238,29
DA:239,4
DA:240,5
DA:243,19
DA:244,43
DA:245,15
DA:248,6
DA:249,9
DA:250,9
DA:251,13
DA:252,3
DA:253,22
DA:254,11
DA:255,2
DA:257,36
DA:258,11
DA:259,2
DA:261,81
DA:264,46
DA:265,12
DA:266,2
DA:270,53
DA:271,36
DA:272,11
DA:273,58
DA:274,57
DA:275,47
DA:276,0
DA:278,0
DA:280,2
DA:283,12
DA:288,0
DA:289,0
DA:290,2
DA:333,6
DA:334,6
DA:335,13
DA:336,3
DA:337,31
DA:338,55
DA:339,21
DA:340,71
DA:341,4
DA:342,22
DA:343,21
DA:344,52
DA:345,64
DA:346,40
DA:347,48
DA:348,37
DA:350,42
DA:351,53
DA:352,20
DA:353,15
DA:354,4
DA:355,0
DA:356,0
DA:357,0
DA:358,0
DA:360,6
DA:361,45
DA:362,17
DA:365,31
DA:368,90
DA:369,32
DA:372,38
DA:373,18
DA:374,25
DA:375,17
DA:376,24
DA:377,23
DA:378,22
DA:379,25
DA:380,37
DA:381,5
DA:382,2
DA:391,27
DA:392,25
DA:393,24
DA:394,24
DA:396,89
DA:397,20
DA:398,10
DA:399,20
DA:400,26
DA:401,51
DA:402,43
DA:404,66
DA:405,88
DA:406,77
DA:407,26
DA:408,35
DA:409,27
DA:410,26
DA:411,21
DA:412,9
DA:414,80
DA:415,31
DA:416,21
DA:417,69
DA:418,10
DA:419,22
DA:420,6
DA:422,26
DA:423,69
DA:424,15
DA:425,69
DA:426,34
DA:429,25
DA:431,4
DA:432,15
DA:433,82
DA:434,9
DA:435,22
DA:436,29
DA:437,21
DA:438,40
DA:439,27
DA:440,43
DA:441,79
DA:442,44
DA:443,30
DA:444,9
DA:445,4
DA:446,3
DA:451,4
DA:452,21
DA:453,91
DA:454,4
DA:457,86
DA:458,83
DA:459,96
DA:461,9
DA:462,21
DA:463,77
DA:464,6
DA:465,20
DA:466,15
DA:467,17
DA:468,63
DA:469,33
DA:470,21
DA:471,59
DA:472,8
DA:473,6
DA:474,77
DA:475,26
DA:476,35
DA:477,26
DA:478,26
DA:479,21
DA:480,9
DA:483,0
DA:484,0
DA:485,0
DA:486,0
DA:487,0
DA:488,0
DA:489,2
DA:490,12
DA:492,27
DA:493,13
DA:494,58
DA:495,49
DA:496,83
DA:497,46
DA:498,76
DA:499,21
DA:500,63
DA:501,14
DA:502,36
DA:503,8
DA:504,6
DA:505,0
DA:506,0
DA:507,6
DA:510,31
DA:511,16
DA:512,16
DA:513,54
DA:514,22
DA:515,8
DA:516,34
DA:517,27
DA:519,13
DA:521,56
DA:522,17
DA:523,32
DA:524,53
DA:525,21
DA:526,52
DA:528,35
DA:529,5
DA:530,0
DA:531,0
DA:532,0
DA:533,0
DA:534,0
DA:535,0
DA:536,0
DA:538,15
DA:539,9
DA:540,45
DA:543,29
DA:544,31
DA:545,36
DA:546,21
DA:547,62
DA:548,10
DA:549,8
DA:551,26
DA:552,61
DA:553,24
DA:554,30
DA:555,23
DA:556,38
DA:557,43
DA:558,41
DA:559,77
DA:560,46
DA:561,32
DA:562,11
DA:563,6
DA:564,0
DA:566,0
DA:567,0
DA:568,6
DA:572,26
DA:573,35
DA:574,26
DA:575,20
DA:576,8
DA:578,13
DA:579,5
DA:580,34
DA:583,29
DA:584,69
DA:586,21
DA:587,14
DA:588,12
DA:589,36
DA:590,15
DA:591,30
DA:592,28
DA:593,14
DA:594,4
DA:596,38
DA:599,41
DA:614,10
DA:615,15
DA:616,11
DA:617,2
DA:618,53
DA:619,16
DA:620,2
DA:621,57
DA:622,91
DA:623,95
DA:624,103
DA:625,35
DA:626,0
DA:627,2
DA:628,35
DA:631,69
DA:632,9
DA:634,57
DA:635,14
DA:636,32
DA:637,34
DA:638,35
DA:639,2
DA:640,24
DA:642,11
DA:643,42
DA:644,64
DA:645,44
DA:646,62
DA:647,18
DA:648,11
DA:649,6
DA:650,57
DA:651,0
DA:652,2
DA:657,37
DA:658,21
DA:659,23
DA:660,25
DA:661,3
DA:663,17
DA:664,22
DA:665,38
DA:666,30
DA:667,32
DA:668,36
DA:669,13
DA:670,4
DA:671,85
DA:672,18
DA:673,13
DA:674,4
DA:675,38
DA:676,34
DA:677,18
DA:678,13
DA:679,4
DA:680,60
DA:681,15
DA:682,26
DA:683,2
DA:684,2
DA:685,16
DA:688,31
DA:689,76
DA:690,44
DA:691,54
DA:692,56
DA:693,54
DA:694,12
DA:695,30
DA:696,67
DA:697,1
DA:708,1
DA:709,9
DA:710,10
DA:711,8
DA:712,3
DA:713,67
DA:714,36
DA:715,11
DA:716,2
DA:718,19
DA:719,9
DA:720,49
DA:721,0
DA:722,2
DA:725,11
DA:726,9
DA:727,34
DA:728,0
DA:729,2
DA:732,38
DA:733,0
DA:734,2
DA:736,22
DA:737,21
DA:738,47
DA:739,34
DA:740,57
DA:741,42
DA:742,2
DA:743,2
DA:746,24
DA:747,57
DA:748,32
DA:749,2
DA:751,85
DA:752,75
DA:754,37
DA:757,13
DA:758,76
DA:767,1
DA:768,8
DA:769,6
DA:770,3
DA:771,41
DA:772,22
DA:773,20
DA:775,47
DA:776,53
DA:777,58
DA:778,23
DA:779,8
DA:780,4
DA:782,49
DA:783,56
DA:784,21
DA:785,8
DA:786,0
DA:788,0
DA:789,0
DA:790,0
DA:791,0
DA:792,2
DA:795,42
DA:796,36
DA:797,2
DA:799,44
DA:800,34
DA:801,2
DA:802,42
DA:803,35
DA:804,2
DA:805,37
DA:828,0
DA:829,0
DA:830,0
DA:831,2
DA:834,0
DA:835,0
DA:836,0
DA:837,1
DA:840,14
DA:841,20
DA:842,24
DA:843,32
DA:844,2
DA:845,25
DA:846,34
DA:847,2
DA:848,27
DA:849,38
DA:850,2
DA:851,13
DA:854,1
DA:855,6
DA:856,9
DA:857,10
DA:858,19
DA:859,3
DA:860,81
DA:861,46
DA:864,48
DA:867,28
DA:868,59
DA:870,45
DA:871,56
DA:872,59
DA:873,62
DA:874,5
DA:875,11
DA:877,11
DA:878,59
DA:879,55
DA:880,47
DA:881,52
DA:882,55
DA:883,58
DA:884,8
DA:885,11
DA:890,70
DA:891,20
DA:942,6
DA:943,6
DA:944,13
DA:945,3
DA:946,31
DA:947,55
DA:948,76
DA:949,79
DA:950,73
DA:951,40
DA:952,48
DA:954,24
DA:955,27
DA:956,26
DA:957,27
DA:958,22
DA:959,31
DA:961,26
DA:964,90
DA:965,32
DA:966,18
DA:967,28
DA:969,36
DA:970,71
DA:971,56
DA:973,46
DA:974,14
DA:975,31
DA:976,7
DA:978,55
DA:979,90
DA:980,37
DA:982,47
DA:983,89
DA:985,66
DA:986,79
DA:987,22
DA:988,28
DA:989,21
DA:990,44
DA:991,83
DA:992,44
DA:993,76
DA:994,9
DA:995,6
DA:996,29
DA:998,88
DA:999,19
DA:1000,16
DA:1001,21
DA:1002,22
DA:1003,18
DA:1004,18
DA:1005,17
DA:1006,21
DA:1007,13
DA:1008,7
DA:1009,2
DA:1010,2
DA:1012,88
DA:1013,25
DA:1015,67
DA:1016,87
DA:1017,24
DA:1018,33
DA:1019,23
DA:1020,24
DA:1021,19
DA:1022,7
DA:1023,60
DA:1024,85
DA:1025,27
DA:1027,21
DA:1028,35
DA:1029,0
DA:1030,0
DA:1031,0
DA:1032,6
DA:1034,24
DA:1035,22
DA:1036,27
DA:1037,21
DA:1038,41
DA:1039,80
DA:1040,44
DA:1041,30
DA:1042,9
DA:1043,6
DA:1045,94
DA:1046,44
DA:1047,17
DA:1048,29
DA:1049,40
DA:1050,28
DA:1051,9
DA:1052,30
DA:1053,4
DA:1055,75
DA:1057,97
DA:1059,29
DA:1060,29
DA:1061,37
DA:1062,32
DA:1063,13
DA:1064,36
DA:1067,44
DA:1068,15
DA:1069,18
DA:1070,24
DA:1071,6
DA:1072,99
DA:1073,73
DA:1075,41
DA:1076,54
DA:1077,27
DA:1078,36
DA:1079,13
DA:1080,59
DA:1083,24
DA:1085,67
DA:1086,0
DA:1087,0
DA:1088,0
DA:1089,0
DA:1090,0
DA:1091,0
DA:1092,0
DA:1093,0
DA:1094,4
DA:1095,24
DA:1096,33
DA:1097,23
DA:1098,18
DA:1099,6
DA:1100,4
DA:1102,38
DA:1103,18
DA:1104,23
DA:1105,17
DA:1106,37
DA:1107,76
DA:1108,37
DA:1109,5
DA:1110,2
DA:1112,51
DA:1113,81
DA:1114,22
DA:1115,41
DA:1116,27
DA:1117,19
DA:1118,19
DA:1119,19
DA:1120,26
DA:1121,8
DA:1124,35
DA:1125,28
DA:1126,6
DA:1128,28
DA:1129,4
DA:1130,48
DA:1131,66
DA:1132,30
DA:1133,2
DA:1135,29
DA:1136,21
DA:1137,14
DA:1138,12
DA:1139,36
DA:1140,32
DA:1141,39
DA:1142,42
DA:1143,36
DA:1144,22
DA:1145,4
DA:1147,85
DA:1184,6
DA:1185,6
DA:1186,13
DA:1187,3
DA:1188,31
DA:1189,55
DA:1190,76
DA:1191,81
DA:1192,75
DA:1193,40
DA:1196,94
DA:1197,34
DA:1200,99
DA:1201,83
DA:1203,21
DA:1206,90
DA:1207,32
DA:1208,25
DA:1210,36
DA:1211,71
DA:1212,56
DA:1215,46
DA:1216,14
DA:1217,31
DA:1218,7
DA:1221,55
DA:1222,47
DA:1225,66
DA:1227,76
DA:1228,22
DA:1229,25
DA:1230,21
DA:1231,41
DA:1232,61
DA:1233,44
DA:1234,76
DA:1235,9
DA:1236,6
DA:1239,91
DA:1242,88
DA:1243,19
DA:1244,18
DA:1246,39
DA:1248,82
DA:1249,31
DA:1252,75
DA:1254,39
DA:1255,17
DA:1257,54
DA:1258,34
DA:1259,20
DA:1260,40
DA:1261,18
DA:1262,13
DA:1264,86
DA:1265,41
DA:1267,15
DA:1269,64
DA:1270,0
DA:1271,17
DA:1273,98
DA:1274,23
DA:1275,43
DA:1276,47
DA:1277,44
DA:1278,22
DA:1283,24
DA:1284,32
DA:1285,13
DA:1286,8
DA:1289,27
DA:1290,36
DA:1291,6
DA:1294,22
DA:1295,33
DA:1296,6
DA:1298,27
DA:1300,21
DA:1301,2
DA:1302,2
DA:1305,30
DA:1306,11
DA:1307,9
DA:1308,5
DA:1309,16
DA:1310,34
DA:1311,27
DA:1312,3
DA:1313,1
DA:1314,4
DA:1316,29
DA:1317,12
DA:1318,14
DA:1319,32
DA:1320,33
DA:1321,1
DA:1324,11
DA:1325,15
DA:1326,57
DA:1327,53
DA:1328,2
DA:1329,11
DA:1332,10
DA:1333,47
DA:1334,17
DA:1337,67
DA:1338,81
DA:1339,42
DA:1340,12
DA:1341,28
DA:1342,28
DA:1343,33
DA:1344,3
DA:1347,41
DA:1348,11
DA:1349,15
DA:1350,13
DA:1351,3
DA:1352,70
DA:1353,56
DA:1354,77
DA:1355,88
DA:1357,12
DA:1358,40
DA:1359,39
DA:1360,42
DA:1361,3
DA:1364,17
DA:1367,3
DA:1368,61
DA:1369,60
DA:1373,66
DA:1374,351
LF:879
LH:819
end_of_record
SF:packages/sidflow-classify/src/render/cli.ts
DA:3,29
DA:4,35
DA:5,44
DA:7,129
DA:21,62
DA:27,42
DA:28,28
DA:29,18
DA:30,15
DA:31,7
DA:32,2
DA:33,49
DA:34,39
DA:35,44
DA:36,30
DA:72,30
DA:73,13
DA:74,13
DA:75,13
DA:76,14
DA:77,11
DA:78,13
DA:79,10
DA:80,15
DA:81,22
DA:82,15
DA:83,14
DA:84,23
DA:85,23
DA:86,25
DA:87,22
DA:88,9
DA:89,3
DA:91,15
DA:92,21
DA:93,17
DA:94,18
DA:95,4
DA:96,20
DA:97,28
DA:99,56
DA:100,30
DA:101,21
DA:102,0
DA:103,0
DA:104,0
DA:105,5
DA:106,21
DA:107,22
DA:108,22
DA:109,19
DA:110,21
DA:111,18
DA:112,23
DA:113,30
DA:114,23
DA:115,21
DA:116,31
DA:117,31
DA:118,33
DA:119,30
DA:120,37
DA:121,35
DA:122,0
DA:123,0
DA:124,8
DA:126,25
DA:127,0
DA:128,0
DA:129,5
DA:130,25
DA:131,20
DA:132,0
DA:133,21
DA:134,54
DA:135,12
DA:136,0
DA:137,23
DA:138,62
DA:141,5
DA:142,5
DA:143,26
DA:144,74
DA:145,20
DA:146,0
DA:147,21
DA:148,71
DA:150,5
DA:151,5
DA:152,26
DA:153,37
DA:154,51
DA:155,55
DA:156,12
DA:157,0
DA:158,0
DA:159,14
DA:160,53
DA:161,41
DA:162,12
DA:163,12
DA:164,44
DA:165,5
DA:166,0
DA:167,0
DA:168,0
DA:169,0
DA:170,0
DA:171,0
DA:173,0
DA:174,0
DA:175,0
DA:176,5
DA:177,20
DA:178,40
DA:179,5
DA:180,0
DA:181,0
DA:182,5
DA:183,34
DA:184,51
DA:185,44
DA:186,0
DA:187,21
DA:188,63
DA:190,5
DA:191,0
DA:192,0
DA:193,0
DA:194,0
DA:195,0
DA:196,0
DA:197,0
DA:199,0
DA:200,0
DA:201,0
DA:202,0
DA:203,0
DA:204,0
DA:205,0
DA:206,0
DA:207,0
DA:208,0
DA:209,0
DA:210,0
DA:211,0
DA:212,0
DA:213,0
DA:214,0
DA:215,0
DA:216,5
DA:217,33
DA:218,46
DA:219,10
DA:220,33
DA:221,48
DA:222,10
DA:223,35
DA:224,48
DA:225,10
DA:226,34
DA:227,50
DA:228,20
DA:229,0
DA:230,21
DA:231,55
DA:233,5
DA:234,0
DA:236,8
DA:239,19
DA:240,5
DA:241,0
DA:242,0
DA:243,0
DA:244,0
DA:245,0
DA:246,0
DA:248,0
DA:249,2
DA:251,2
DA:253,41
DA:256,11
DA:257,13
DA:258,11
DA:259,27
DA:260,33
DA:263,11
DA:264,26
DA:265,55
DA:268,11
DA:269,26
DA:270,55
DA:273,11
DA:274,68
DA:275,12
DA:276,0
DA:277,0
DA:280,11
DA:281,48
DA:282,53
DA:283,11
DA:284,0
DA:285,0
DA:286,0
DA:287,0
DA:288,0
DA:291,0
DA:292,0
DA:293,0
DA:294,0
DA:295,0
DA:296,0
DA:297,0
DA:298,0
DA:299,0
DA:300,0
DA:301,0
DA:302,0
DA:303,0
DA:304,0
DA:305,0
DA:306,0
DA:307,0
DA:308,0
DA:309,0
DA:310,1
DA:313,0
DA:314,0
DA:315,0
DA:316,0
DA:317,0
DA:318,0
DA:319,0
DA:320,0
DA:321,0
DA:322,0
DA:323,0
DA:324,0
DA:325,0
DA:326,0
DA:327,0
DA:328,0
DA:329,0
DA:330,0
DA:331,0
DA:332,0
DA:333,0
DA:334,0
DA:335,0
DA:336,0
DA:337,0
DA:338,0
DA:339,0
DA:340,0
DA:341,0
DA:342,0
DA:343,0
DA:344,0
DA:345,0
DA:346,0
DA:347,0
DA:348,0
DA:349,0
DA:350,0
DA:351,0
DA:352,0
DA:353,0
DA:354,0
DA:355,0
DA:356,0
DA:357,0
DA:358,0
DA:359,0
DA:360,0
DA:361,0
DA:362,0
DA:363,0
DA:364,0
DA:365,0
DA:366,0
DA:367,0
DA:368,0
DA:369,0
DA:370,0
DA:371,0
DA:372,0
DA:373,0
DA:374,0
DA:375,0
DA:376,0
DA:377,0
DA:378,0
DA:379,0
DA:380,0
DA:381,0
DA:382,0
DA:383,0
DA:384,0
DA:385,0
DA:386,0
DA:387,0
DA:388,0
DA:389,0
DA:390,0
DA:391,0
DA:392,0
DA:393,0
DA:394,0
DA:395,0
DA:396,0
DA:397,0
DA:398,0
DA:399,0
DA:400,0
DA:401,0
DA:402,0
DA:403,0
DA:404,0
DA:405,0
DA:406,0
DA:407,0
DA:408,0
DA:409,0
DA:410,0
DA:411,0
DA:412,0
DA:413,0
DA:414,0
DA:415,0
DA:416,0
DA:417,0
DA:418,0
DA:419,0
DA:420,0
DA:421,0
DA:422,0
DA:423,0
DA:424,0
DA:425,0
DA:426,0
DA:427,0
DA:428,0
DA:429,0
DA:430,0
DA:431,0
DA:432,0
DA:433,0
DA:434,0
DA:435,0
DA:436,0
DA:437,0
DA:438,0
DA:439,0
DA:440,0
DA:441,0
DA:442,0
DA:443,0
DA:444,0
DA:445,0
DA:446,0
DA:447,0
DA:448,0
DA:449,0
DA:450,0
DA:451,0
DA:452,0
DA:453,0
DA:454,0
DA:455,0
DA:456,0
DA:457,0
DA:458,0
DA:459,0
DA:460,0
DA:461,0
DA:462,0
DA:463,0
DA:464,0
DA:465,0
DA:466,0
DA:467,0
DA:468,1
DA:471,26
DA:472,22
DA:473,70
DA:475,22
DA:476,39
DA:477,45
DA:478,12
DA:479,0
DA:480,0
DA:481,4
DA:482,38
DA:483,26
DA:484,2
DA:485,2
DA:486,16
DA:489,6
DA:490,9
DA:491,8
DA:492,3
DA:493,52
DA:494,58
DA:495,77
DA:496,88
DA:498,40
DA:499,6
DA:500,2
DA:502,15
DA:503,41
DA:504,33
DA:505,1
DA:508,13
DA:509,21
DA:511,36
DA:512,22
DA:513,16
DA:514,54
DA:515,4
DA:516,2
DA:518,38
DA:519,22
DA:520,16
DA:521,56
DA:522,4
DA:523,2
DA:525,38
DA:526,22
DA:527,16
DA:528,58
DA:529,4
DA:530,2
DA:532,45
DA:533,22
DA:534,16
DA:535,30
DA:536,4
DA:537,2
DA:539,56
DA:542,1
DA:543,6
DA:544,11
DA:545,3
DA:546,29
DA:547,6
DA:548,2
DA:550,23
DA:551,18
DA:552,17
DA:553,4
DA:555,39
DA:558,11
DA:559,60
DA:562,26
DA:563,54
DA:564,64
DA:565,42
DA:566,36
DA:567,23
DA:568,63
DA:570,21
DA:572,29
DA:573,33
DA:574,21
DA:575,15
DA:576,6
DA:577,39
DA:578,27
DA:579,4
DA:580,5
DA:583,25
DA:584,23
DA:585,26
DA:586,19
DA:588,15
DA:591,0
DA:592,0
DA:593,0
DA:594,0
DA:595,0
DA:596,0
DA:597,0
DA:598,0
DA:599,0
DA:600,0
DA:601,0
DA:602,0
DA:603,0
DA:604,0
DA:605,0
DA:606,0
DA:607,0
DA:608,0
DA:609,1
DA:612,0
DA:613,0
DA:614,0
DA:615,0
DA:616,0
DA:617,0
DA:618,0
DA:619,0
DA:620,0
DA:621,0
DA:622,0
DA:623,0
DA:624,0
DA:625,0
DA:626,0
DA:627,0
DA:628,0
DA:629,0
DA:630,0
DA:631,0
DA:632,0
DA:633,0
DA:634,0
DA:635,0
DA:636,0
DA:637,0
DA:638,0
DA:639,0
DA:640,0
DA:641,0
DA:642,0
DA:643,0
DA:644,0
DA:645,0
DA:646,0
DA:647,0
DA:648,0
DA:649,0
DA:650,0
DA:651,0
DA:652,0
DA:653,0
DA:654,0
DA:655,0
DA:656,0
DA:657,0
DA:658,0
DA:659,0
DA:660,0
DA:661,0
DA:662,0
DA:666,0
DA:667,0
DA:668,0
DA:669,0
DA:670,0
DA:674,0
DA:675,0
DA:676,0
DA:677,0
DA:678,0
DA:679,0
DA:680,0
DA:681,0
DA:682,0
DA:683,0
DA:684,0
DA:685,0
DA:686,0
DA:687,0
DA:688,0
DA:689,0
DA:690,0
DA:691,0
DA:692,0
DA:693,0
DA:694,0
DA:695,0
DA:696,0
DA:697,0
DA:698,0
DA:702,0
DA:703,0
DA:704,0
DA:705,0
DA:706,0
DA:707,0
DA:708,0
DA:709,0
DA:710,0
DA:711,0
DA:712,0
DA:713,0
DA:714,0
DA:715,0
DA:716,0
DA:717,0
DA:718,0
DA:719,0
DA:723,0
DA:724,0
DA:725,0
DA:726,0
DA:727,0
DA:728,0
DA:729,0
DA:730,0
DA:731,0
DA:732,0
DA:733,0
DA:734,0
DA:735,0
DA:736,0
DA:737,0
DA:738,0
DA:739,0
DA:740,0
DA:741,0
DA:742,0
DA:743,0
DA:744,0
DA:745,0
DA:746,0
DA:747,0
DA:748,0
DA:749,0
DA:750,0
DA:751,0
DA:752,0
DA:753,0
DA:754,0
DA:755,0
DA:756,0
DA:757,0
DA:758,0
DA:759,0
DA:760,0
DA:761,0
DA:762,0
DA:763,0
DA:764,0
DA:765,0
DA:766,0
DA:767,0
DA:768,0
DA:769,0
DA:770,0
DA:771,0
DA:772,0
DA:773,0
DA:774,0
DA:775,0
DA:776,1
DA:779,20
DA:780,0
DA:781,0
DA:783,0
DA:784,0
DA:785,0
DA:787,0
LF:654
LH:238
end_of_record
SF:packages/sidflow-classify/src/render/engine-factory.ts
DA:1,78
DA:6,33
DA:8,6
DA:9,10
DA:10,3
DA:11,35
DA:14,10
DA:16,42
DA:17,14
DA:20,10
DA:21,31
DA:22,36
DA:23,2
DA:24,39
DA:27,39
DA:28,36
DA:29,22
DA:30,14
DA:31,5
DA:33,13
LF:20
LH:20
end_of_record
SF:packages/sidflow-classify/src/render/render-orchestrator.ts
DA:6,452
DA:27,88
DA:28,58
DA:29,112
DA:30,102
DA:32,101
DA:76,28
DA:77,22
DA:78,24
DA:79,6
DA:80,82
DA:81,9
DA:82,5
DA:83,88
DA:84,56
DA:85,9
DA:86,5
DA:87,112
DA:88,107
DA:91,57
DA:92,84
DA:93,52
DA:94,71
DA:95,5
DA:97,190
DA:98,40
DA:99,5
DA:101,36
DA:102,52
DA:103,48
DA:105,81
DA:106,130
DA:107,108
DA:108,68
DA:110,61
DA:111,64
DA:112,74
DA:113,64
DA:114,15
DA:115,10
DA:117,100
DA:118,5
DA:120,52
DA:121,51
DA:122,5
DA:124,52
DA:125,52
DA:126,5
DA:128,118
DA:129,122
DA:130,118
DA:131,130
DA:132,50
DA:133,96
DA:134,75
DA:135,131
DA:136,6
DA:138,24
DA:139,30
DA:140,30
DA:141,26
DA:142,36
DA:143,56
DA:144,5
DA:147,41
DA:148,69
DA:182,1
DA:184,49
DA:185,55
DA:191,36
DA:192,66
DA:193,80
DA:194,44
DA:195,46
DA:196,38
DA:197,140
DA:200,108
DA:201,59
DA:202,134
DA:203,58
DA:204,187
DA:205,106
DA:206,150
DA:207,38
DA:208,120
DA:209,13
DA:210,55
DA:211,9
DA:213,66
DA:214,54
DA:215,98
DA:216,116
DA:217,48
DA:218,7
DA:219,53
DA:220,17
DA:221,90
DA:223,26
DA:224,170
DA:225,12
DA:227,78
DA:229,96
DA:232,120
DA:233,40
DA:234,131
DA:235,154
DA:236,140
DA:237,42
DA:239,22
DA:240,132
DA:241,94
DA:243,91
DA:244,90
DA:245,48
DA:246,48
DA:247,48
DA:248,58
DA:249,18
DA:250,11
DA:251,19
DA:252,16
DA:253,55
DA:254,54
DA:255,55
DA:258,16
DA:259,33
DA:260,31
DA:261,13
DA:262,16
DA:263,43
DA:264,12
DA:265,15
DA:268,54
DA:269,136
DA:270,22
DA:271,102
DA:272,21
DA:273,79
DA:276,171
DA:277,26
DA:278,96
DA:279,92
DA:280,48
DA:281,56
DA:282,70
DA:283,58
DA:284,90
DA:285,90
DA:286,82
DA:287,64
DA:288,30
DA:289,44
DA:290,24
DA:291,102
DA:292,40
DA:293,42
DA:294,66
DA:295,64
DA:296,20
DA:297,23
DA:298,79
DA:300,9
DA:303,80
DA:304,72
DA:305,13
DA:306,47
DA:307,29
DA:308,30
DA:309,68
DA:310,65
DA:311,43
DA:312,11
DA:314,31
DA:315,51
DA:316,26
DA:317,26
DA:318,26
DA:319,35
DA:320,13
DA:321,50
DA:323,57
DA:324,19
DA:325,52
DA:326,30
DA:327,34
DA:328,42
DA:329,29
DA:330,32
DA:331,16
DA:332,22
DA:333,18
DA:334,51
DA:335,51
DA:336,47
DA:337,57
DA:338,26
DA:339,27
DA:340,39
DA:341,38
DA:342,17
DA:343,29
DA:344,87
DA:346,9
DA:347,18
DA:348,69
DA:350,21
DA:351,16
DA:352,57
DA:353,55
DA:354,60
DA:356,9
DA:359,82
DA:360,74
DA:361,13
DA:362,48
DA:363,29
DA:364,31
DA:365,22
DA:366,36
DA:367,41
DA:368,65
DA:369,43
DA:370,11
DA:372,31
DA:373,52
DA:374,26
DA:375,27
DA:376,27
DA:377,35
DA:378,13
DA:379,52
DA:381,57
DA:382,19
DA:383,52
DA:384,31
DA:385,35
DA:386,42
DA:387,30
DA:388,32
DA:389,16
DA:390,22
DA:391,18
DA:392,51
DA:393,51
DA:394,47
DA:395,57
DA:396,26
DA:397,27
DA:398,39
DA:399,38
DA:400,17
DA:401,29
DA:402,88
DA:404,9
DA:405,18
DA:406,70
DA:408,21
DA:409,16
DA:410,57
DA:411,56
DA:412,61
DA:414,9
DA:416,92
DA:417,26
DA:418,132
DA:419,12
DA:421,28
DA:422,62
DA:423,58
DA:424,22
DA:425,28
DA:426,34
DA:427,91
DA:428,0
DA:429,0
DA:430,0
DA:431,0
DA:432,0
DA:433,0
DA:434,0
DA:435,0
DA:436,0
DA:437,0
DA:438,0
DA:439,0
DA:440,0
DA:441,0
DA:442,0
DA:443,0
DA:444,0
DA:445,0
DA:446,0
DA:447,0
DA:448,0
DA:449,0
DA:450,0
DA:451,0
DA:452,0
DA:453,0
DA:454,0
DA:455,0
DA:456,0
DA:457,0
DA:458,0
DA:459,0
DA:460,0
DA:461,0
DA:462,0
DA:463,0
DA:464,0
DA:465,0
DA:466,0
DA:467,0
DA:468,0
DA:469,0
DA:470,0
DA:471,0
DA:472,0
DA:473,0
DA:474,0
DA:475,0
DA:476,0
DA:477,0
DA:478,0
DA:479,0
DA:480,0
DA:481,0
DA:482,0
DA:483,0
DA:484,0
DA:485,0
DA:486,0
DA:487,0
DA:488,0
DA:489,0
DA:490,0
DA:491,0
DA:492,0
DA:493,0
DA:494,0
DA:495,0
DA:496,0
DA:497,0
DA:498,0
DA:499,0
DA:500,0
DA:501,0
DA:502,0
DA:503,0
DA:504,0
DA:505,0
DA:506,0
DA:507,0
DA:508,0
DA:509,0
DA:510,0
DA:511,0
DA:512,0
DA:513,0
DA:514,0
DA:515,0
DA:516,0
DA:517,0
DA:518,0
DA:519,0
DA:520,0
DA:521,0
DA:522,0
DA:523,0
DA:524,0
DA:525,0
DA:526,0
DA:527,0
DA:528,0
DA:529,0
DA:530,0
DA:531,0
DA:532,0
DA:533,0
DA:534,0
DA:535,0
DA:536,0
DA:537,0
DA:538,0
DA:539,0
DA:540,0
DA:541,0
DA:542,0
DA:543,0
DA:544,0
DA:545,0
DA:546,0
DA:547,0
DA:548,0
DA:549,0
DA:550,0
DA:551,0
DA:552,0
DA:553,0
DA:554,0
DA:555,0
DA:556,0
DA:557,0
DA:558,0
DA:559,0
DA:560,0
DA:561,0
DA:562,0
DA:563,0
DA:564,0
DA:565,0
DA:566,0
DA:567,0
DA:568,0
DA:569,0
DA:570,0
DA:571,0
DA:572,0
DA:573,0
DA:574,0
DA:575,0
DA:576,0
DA:577,0
DA:578,0
DA:579,0
DA:580,0
DA:581,0
DA:582,0
DA:583,0
DA:584,0
DA:585,0
DA:586,0
DA:587,0
DA:588,0
DA:589,0
DA:590,0
DA:591,0
DA:592,0
DA:593,0
DA:594,0
DA:595,0
DA:596,0
DA:597,0
DA:598,0
DA:599,0
DA:600,0
DA:601,0
DA:602,0
DA:603,0
DA:604,0
DA:605,0
DA:606,0
DA:607,0
DA:608,0
DA:609,0
DA:610,0
DA:611,0
DA:612,0
DA:613,0
DA:614,0
DA:615,0
DA:616,0
DA:617,0
DA:618,0
DA:619,0
DA:620,0
DA:621,0
DA:622,0
DA:623,0
DA:624,0
DA:625,0
DA:626,0
DA:627,0
DA:628,0
DA:629,0
DA:630,0
DA:631,0
DA:632,0
DA:633,0
DA:634,0
DA:635,0
DA:636,0
DA:637,0
DA:638,0
DA:639,0
DA:640,0
DA:641,0
DA:642,0
DA:643,0
DA:644,0
DA:645,0
DA:646,0
DA:647,0
DA:648,0
DA:649,0
DA:650,0
DA:651,0
DA:652,0
DA:653,0
DA:654,0
DA:655,0
DA:656,0
DA:657,0
DA:658,0
DA:659,0
DA:660,0
DA:661,0
DA:662,0
DA:663,0
DA:664,0
DA:665,0
DA:666,0
DA:667,0
DA:668,0
DA:669,0
DA:670,0
DA:671,0
DA:672,0
DA:673,0
DA:674,0
DA:675,0
DA:676,0
DA:677,0
DA:678,0
DA:679,0
DA:680,0
DA:681,0
DA:682,0
DA:683,0
DA:684,0
DA:685,0
DA:686,0
DA:687,0
DA:688,0
DA:689,0
DA:690,0
DA:691,0
DA:692,0
DA:693,0
DA:694,0
DA:695,0
DA:696,0
DA:697,0
DA:698,0
DA:699,0
DA:700,0
DA:701,0
DA:702,0
DA:703,0
DA:704,0
DA:705,0
DA:706,0
DA:707,0
DA:708,0
DA:709,0
DA:710,0
DA:711,0
DA:712,0
DA:713,0
DA:714,0
DA:715,0
DA:716,0
DA:717,0
DA:718,0
DA:719,0
DA:720,0
DA:721,0
DA:722,0
DA:723,0
DA:724,0
DA:725,0
DA:726,0
DA:727,0
DA:728,0
DA:729,0
DA:730,0
DA:731,0
DA:732,0
DA:733,0
DA:734,0
DA:735,0
DA:736,0
DA:737,0
DA:738,0
DA:739,65
DA:743,0
DA:744,0
DA:745,0
DA:746,0
DA:747,0
DA:748,0
DA:749,8
DA:752,22
DA:753,14
DA:754,10
DA:755,37
DA:756,17
DA:757,9
DA:759,42
DA:760,141
DA:761,97
DA:762,18
DA:764,34
DA:765,24
DA:766,32
DA:767,9
DA:770,52
DA:771,60
DA:772,16
DA:773,9
DA:775,132
DA:776,68
DA:777,16
DA:778,9
DA:780,63
DA:783,22
DA:784,34
DA:785,10
DA:786,114
DA:787,17
DA:788,9
DA:789,99
DA:790,29
DA:791,9
DA:792,74
DA:795,26
DA:796,15
DA:797,10
DA:798,92
DA:799,11
DA:800,9
DA:802,130
DA:803,114
DA:805,42
DA:806,78
DA:807,96
DA:808,72
DA:809,60
DA:810,60
DA:811,70
DA:812,18
DA:813,92
DA:814,68
DA:815,56
DA:816,56
DA:817,72
DA:818,72
DA:819,72
DA:820,64
DA:821,68
DA:822,76
DA:823,52
DA:824,36
DA:825,34
DA:826,64
DA:827,51
DA:828,24
DA:829,46
DA:830,76
DA:831,62
DA:832,5
DA:833,22
DA:834,64
DA:835,82
DA:836,12
DA:838,168
DA:839,36
DA:840,60
DA:841,72
DA:842,90
DA:843,10
DA:844,15
DA:847,50
DA:848,91
DA:849,164
DA:850,81
DA:851,63
DA:852,5
DA:853,5
DA:854,65
DA:857,53
DA:858,101
DA:859,17
DA:860,5
DA:861,75
DA:862,37
DA:864,2
LF:687
LH:370
end_of_record
SF:packages/sidflow-classify/src/render/wasm-render-pool.ts
DA:1,94
DA:2,90
DA:26,152
DA:27,99
DA:33,1
DA:35,35
DA:36,90
DA:37,88
DA:38,9
DA:39,98
DA:40,103
DA:41,96
DA:42,9
DA:43,131
DA:46,36
DA:47,46
DA:48,56
DA:49,9
DA:50,66
DA:51,45
DA:52,138
DA:53,9
DA:54,105
DA:55,42
DA:56,58
DA:57,32
DA:58,32
DA:59,24
DA:60,16
DA:61,54
DA:62,41
DA:63,15
DA:66,23
DA:67,46
DA:68,11
DA:69,9
DA:70,52
DA:73,66
DA:74,37
DA:75,18
DA:76,55
DA:77,5
DA:78,9
DA:80,36
DA:81,74
DA:82,54
DA:83,128
DA:84,26
DA:85,76
DA:86,18
DA:89,2
DA:90,13
DA:93,33
DA:94,52
DA:95,34
DA:97,36
DA:98,12
DA:99,42
DA:100,26
DA:101,36
DA:102,32
DA:103,36
DA:104,12
DA:106,81
DA:107,91
DA:108,12
DA:110,0
DA:111,0
DA:112,0
DA:113,0
DA:114,0
DA:115,0
DA:116,0
DA:117,0
DA:118,31
DA:119,12
DA:121,69
DA:122,116
DA:123,91
DA:124,19
DA:125,7
DA:126,27
DA:127,27
DA:128,51
DA:129,60
DA:130,33
DA:131,31
DA:132,12
DA:134,31
DA:137,0
DA:138,0
DA:139,0
DA:140,0
DA:141,0
DA:142,0
DA:143,0
DA:144,0
DA:145,0
DA:146,0
DA:147,22
DA:150,63
DA:151,75
DA:152,115
DA:153,60
DA:154,55
DA:155,118
DA:156,17
DA:157,50
DA:158,54
DA:159,40
DA:160,55
DA:162,86
DA:163,27
DA:164,23
DA:165,10
DA:166,44
DA:167,27
DA:168,82
DA:169,35
DA:170,40
DA:171,7
DA:172,33
DA:173,52
DA:174,30
DA:175,10
DA:176,40
DA:179,47
DA:180,36
DA:181,28
DA:182,23
DA:183,25
DA:184,22
DA:185,27
DA:186,55
DA:190,24
DA:191,107
DA:192,17
DA:193,9
DA:195,46
DA:196,81
DA:197,83
DA:198,30
DA:199,13
DA:200,74
DA:201,37
DA:202,24
DA:203,13
DA:204,48
DA:205,44
DA:206,176
DA:207,34
DA:208,9
DA:209,96
DA:210,96
DA:211,8
DA:213,2
LF:156
LH:138
end_of_record
SF:packages/sidflow-classify/src/render/wav-renderer.ts
DA:1,58
DA:2,37
DA:3,41
DA:4,55
DA:5,29
DA:16,45
DA:17,38
DA:18,40
DA:19,44
DA:20,38
DA:22,46
DA:24,14
DA:25,83
DA:26,15
DA:27,0
DA:28,0
DA:29,0
DA:30,0
DA:31,0
DA:32,0
DA:33,0
DA:34,0
DA:35,1
DA:38,18
DA:39,43
DA:40,58
DA:43,40
DA:44,31
DA:45,45
DA:46,34
DA:47,38
DA:48,51
DA:49,17
DA:51,45
DA:52,60
DA:53,45
DA:54,45
DA:55,49
DA:56,48
DA:57,55
DA:58,57
DA:59,55
DA:60,57
DA:61,45
DA:62,45
DA:63,55
DA:65,87
DA:66,32
DA:68,14
DA:71,6
DA:72,8
DA:73,8
DA:74,3
DA:75,50
DA:77,41
DA:79,60
DA:80,40
DA:82,34
DA:83,0
DA:84,0
DA:85,0
DA:86,0
DA:87,0
DA:88,2
DA:90,44
DA:91,40
DA:92,76
DA:94,35
DA:95,4
DA:96,48
DA:97,45
DA:98,29
DA:99,0
DA:100,0
DA:101,0
DA:102,0
DA:103,0
DA:104,0
DA:105,0
DA:106,0
DA:107,0
DA:108,0
DA:109,0
DA:110,0
DA:111,0
DA:112,0
DA:113,0
DA:114,0
DA:115,0
DA:116,0
DA:118,11
DA:119,19
DA:120,80
DA:121,7
DA:122,3
DA:123,6
DA:126,81
DA:127,20
DA:128,27
DA:129,27
DA:130,21
DA:131,90
DA:133,72
DA:134,20
DA:135,63
DA:137,26
DA:138,73
DA:139,5
DA:140,4
DA:142,23
DA:143,0
DA:144,0
DA:145,0
DA:146,0
DA:147,0
DA:148,0
DA:149,4
DA:151,25
DA:152,74
DA:153,24
DA:154,10
DA:155,4
DA:157,49
DA:158,23
DA:159,35
DA:160,2
DA:162,27
DA:163,0
DA:164,2
DA:166,44
DA:167,47
DA:168,22
DA:169,32
DA:170,32
DA:171,30
DA:172,2
DA:174,70
DA:175,62
DA:176,19
DA:177,72
DA:178,4
DA:179,38
DA:181,69
DA:182,53
DA:183,9
DA:184,48
DA:185,42
DA:186,0
DA:187,2
DA:190,69
LF:150
LH:111
end_of_record
SF:packages/sidflow-classify/src/tfjs-predictor.ts
DA:2,84
DA:10,50
DA:11,29
DA:12,43
DA:16,5
DA:17,9
DA:19,44
DA:20,0
DA:21,0
DA:22,0
DA:23,0
DA:25,0
DA:26,1
DA:30,34
DA:47,37
DA:48,48
DA:51,35
DA:52,11
DA:53,8
DA:54,21
DA:55,20
DA:56,21
DA:57,8
DA:58,15
DA:59,11
DA:60,2
DA:109,22
DA:110,14
DA:111,11
DA:112,25
DA:113,24
DA:114,24
DA:115,11
DA:116,18
DA:117,14
DA:118,2
DA:120,21
DA:121,15
DA:122,12
DA:123,25
DA:124,24
DA:125,25
DA:126,10
DA:127,18
DA:128,13
DA:129,2
DA:131,23
DA:132,23
DA:133,26
DA:135,36
DA:136,31
DA:137,37
DA:139,13
DA:140,24
DA:141,56
DA:142,40
DA:143,55
DA:144,4
DA:146,40
DA:147,11
DA:148,45
DA:149,31
DA:150,16
DA:151,1
DA:152,21
DA:153,28
DA:154,0
DA:155,0
DA:156,0
DA:158,2
DA:160,12
DA:166,19
DA:167,19
DA:168,33
DA:169,2
DA:171,46
DA:172,82
DA:173,15
DA:174,2
DA:175,36
DA:181,19
DA:182,77
DA:184,38
DA:186,14
DA:187,34
DA:188,32
DA:189,43
DA:190,32
DA:191,1
DA:192,2
DA:194,52
DA:195,36
DA:198,30
DA:199,28
DA:201,13
DA:207,26
DA:208,42
DA:209,27
DA:211,61
DA:212,52
DA:213,16
DA:214,28
DA:215,43
DA:216,3
DA:217,5
DA:220,30
DA:221,28
DA:227,19
DA:228,81
DA:230,41
DA:231,11
DA:232,2
DA:234,55
DA:235,27
DA:241,29
DA:242,42
DA:243,27
DA:245,65
DA:246,58
DA:247,16
DA:248,29
DA:249,34
DA:250,3
DA:251,5
DA:261,19
DA:262,33
DA:263,15
DA:264,25
DA:265,31
DA:266,18
DA:267,27
DA:268,35
DA:269,9
DA:270,39
DA:271,25
DA:272,18
DA:273,27
DA:274,35
DA:275,9
DA:276,25
DA:277,17
DA:278,27
DA:279,35
DA:280,6
DA:281,3
DA:282,5
DA:284,13
DA:293,19
DA:294,42
DA:295,60
DA:298,23
DA:299,11
DA:300,72
DA:303,58
DA:304,54
DA:306,12
DA:307,0
DA:308,0
DA:311,2
DA:314,54
DA:317,22
DA:318,32
DA:319,43
DA:320,40
DA:321,21
DA:322,41
DA:323,29
DA:324,19
DA:325,22
DA:326,3
DA:327,4
DA:330,19
DA:331,32
DA:332,30
DA:333,41
DA:334,30
DA:335,4
DA:337,13
DA:346,26
DA:347,42
DA:348,27
DA:351,58
DA:352,32
DA:353,45
DA:356,24
DA:357,56
DA:358,53
DA:359,2
DA:362,21
DA:363,49
DA:364,1
DA:370,14
DA:371,50
DA:372,45
DA:373,49
DA:374,47
DA:375,38
DA:376,1
DA:382,11
DA:384,31
DA:385,38
DA:391,12
DA:393,24
DA:399,6
DA:400,9
DA:401,3
DA:402,19
DA:403,18
DA:405,25
DA:406,0
DA:407,0
DA:408,0
DA:409,0
DA:410,0
DA:411,0
DA:412,2
DA:415,49
DA:416,16
DA:417,18
DA:418,36
DA:419,49
DA:420,57
DA:421,21
DA:422,17
DA:423,4
DA:424,4
DA:425,48
DA:426,2
DA:429,49
DA:430,27
DA:431,18
DA:432,36
DA:433,36
DA:434,49
DA:435,57
DA:436,46
DA:437,17
DA:438,4
DA:439,4
DA:440,77
DA:442,29
DA:443,39
DA:444,26
DA:445,2
DA:446,2
DA:448,12
DA:449,10
DA:450,9
DA:451,41
DA:452,30
DA:453,2
DA:478,6
DA:479,9
DA:480,14
DA:481,10
DA:482,3
DA:483,11
DA:484,15
DA:485,18
DA:486,25
DA:487,27
DA:488,10
DA:490,30
DA:491,51
DA:492,2
DA:495,45
DA:496,43
DA:497,22
DA:500,26
DA:501,16
DA:502,39
DA:503,22
DA:504,2
DA:507,23
DA:508,24
DA:510,34
DA:511,66
DA:512,39
DA:515,29
DA:516,40
DA:517,40
DA:518,37
DA:519,6
DA:520,33
DA:521,2
DA:524,36
DA:525,37
DA:527,9
DA:529,21
DA:530,45
DA:531,31
DA:532,20
DA:533,7
DA:536,47
DA:537,13
DA:538,16
DA:539,22
DA:540,20
DA:541,14
DA:542,7
DA:545,71
DA:546,68
DA:549,38
DA:552,26
DA:553,46
DA:554,58
DA:555,55
DA:556,4
DA:558,29
DA:559,5
DA:560,17
DA:561,16
DA:572,6
DA:573,9
DA:574,10
DA:575,3
DA:576,30
DA:577,52
DA:578,2
DA:581,26
DA:582,11
DA:583,0
DA:584,0
DA:585,2
DA:588,17
DA:589,0
DA:590,2
DA:593,25
DA:594,21
DA:596,34
DA:597,66
DA:598,58
DA:600,11
DA:601,52
DA:602,47
DA:604,26
DA:605,35
DA:606,35
DA:607,32
DA:608,9
DA:610,22
DA:611,25
DA:612,25
DA:613,22
DA:614,9
DA:616,34
DA:617,7
DA:618,28
DA:620,2
DA:623,22
DA:624,16
DA:625,48
DA:626,33
DA:627,65
DA:628,15
DA:629,2
DA:630,2
DA:631,44
DA:635,16
DA:636,16
DA:639,21
DA:640,23
DA:641,34
DA:642,34
DA:643,26
DA:644,22
DA:645,2
DA:646,2
DA:647,64
DA:650,48
DA:651,33
DA:652,35
DA:653,42
DA:654,42
DA:655,39
DA:656,2
DA:657,2
DA:659,46
DA:661,19
DA:676,52
DA:678,26
DA:679,16
DA:680,30
DA:681,22
DA:682,2
DA:684,17
DA:685,0
DA:686,2
DA:689,57
DA:692,87
DA:694,9
DA:695,50
DA:696,51
DA:699,47
DA:700,47
DA:701,47
DA:704,25
DA:706,27
DA:707,5
DA:708,26
DA:718,6
DA:719,8
DA:720,3
DA:722,26
DA:723,11
DA:724,0
DA:725,0
DA:726,2
DA:728,17
DA:729,0
DA:730,2
DA:733,65
DA:736,87
DA:738,9
DA:739,50
DA:740,51
DA:743,35
DA:744,35
DA:745,35
DA:747,34
DA:748,34
DA:749,34
DA:753,73
DA:754,83
DA:755,49
DA:758,25
DA:760,39
DA:761,5
DA:762,25
DA:770,11
DA:771,30
DA:772,26
DA:773,21
DA:774,2
DA:775,21
DA:776,23
LF:436
LH:413
end_of_record
SF:packages/sidflow-common/dist/archive.js
DA:2,29
DA:3,36
DA:4,17
DA:5,0
DA:6,0
DA:7,0
DA:8,0
DA:9,2
DA:11,16
DA:12,0
DA:13,0
DA:14,0
DA:15,0
DA:18,0
DA:19,0
DA:20,0
DA:21,0
DA:22,0
DA:23,0
DA:24,0
DA:25,0
DA:26,0
DA:27,0
DA:28,0
DA:29,0
DA:30,0
DA:31,0
DA:32,0
DA:33,0
DA:34,0
DA:35,0
DA:36,1
DA:39,0
DA:40,0
DA:41,1
DA:43,0
DA:44,0
DA:45,1
DA:48,0
DA:49,0
LF:40
LH:8
end_of_record
SF:packages/sidflow-common/dist/audio-encoding.js
DA:5,43
DA:6,43
DA:7,41
DA:8,44
DA:9,55
DA:10,57
DA:11,41
DA:12,29
DA:13,50
DA:14,46
DA:15,47
DA:16,39
DA:17,48
DA:18,59
DA:19,29
DA:20,31
DA:24,0
DA:25,0
DA:26,0
DA:27,0
DA:28,0
DA:29,0
DA:30,0
DA:31,1
DA:36,0
DA:37,0
DA:38,0
DA:39,0
DA:40,0
DA:41,0
DA:42,0
DA:43,1
DA:45,35
DA:46,75
DA:47,79
DA:48,87
DA:49,2
DA:50,42
DA:51,96
DA:52,100
DA:53,5
DA:54,45
DA:55,65
DA:56,2
DA:57,2
DA:58,15
DA:59,58
DA:60,14
DA:61,0
DA:62,2
DA:63,9
DA:64,17
DA:66,0
DA:67,0
DA:70,0
DA:71,0
DA:72,0
DA:73,0
DA:74,0
DA:75,0
DA:76,0
DA:77,0
DA:78,0
DA:79,0
DA:80,0
DA:84,14
DA:85,62
DA:86,52
DA:87,40
DA:88,51
DA:89,20
DA:90,15
DA:91,0
DA:92,0
DA:93,0
DA:94,0
DA:95,0
DA:96,0
DA:97,0
DA:98,0
DA:99,0
DA:100,1
DA:102,80
DA:103,82
DA:104,89
DA:105,22
DA:106,0
DA:107,0
DA:108,0
DA:109,0
DA:110,0
DA:111,0
DA:112,0
DA:113,0
DA:114,0
DA:115,0
DA:116,0
DA:117,0
DA:118,0
DA:119,0
DA:120,0
DA:121,0
DA:122,0
DA:123,0
DA:124,0
DA:125,0
DA:126,0
DA:129,0
DA:132,0
DA:133,0
DA:134,0
DA:135,0
DA:136,0
DA:137,0
DA:138,0
DA:139,0
DA:140,0
DA:143,0
DA:144,0
DA:145,0
DA:146,0
DA:147,0
DA:148,0
DA:149,0
DA:150,0
DA:151,0
DA:152,0
DA:153,0
DA:156,0
DA:157,0
DA:158,0
DA:159,0
DA:160,0
DA:161,0
DA:162,0
DA:163,0
DA:164,0
DA:165,0
DA:166,0
DA:167,0
DA:168,0
DA:169,0
DA:170,0
DA:171,0
DA:172,0
DA:173,0
DA:174,0
DA:175,0
DA:176,0
DA:177,0
DA:178,0
DA:179,0
DA:180,0
DA:181,0
DA:182,0
DA:183,0
DA:184,0
DA:185,0
DA:186,0
DA:187,0
DA:188,0
DA:189,0
DA:190,0
DA:191,0
DA:192,0
DA:193,0
DA:194,0
DA:195,0
DA:199,0
DA:200,0
DA:201,0
DA:202,0
DA:203,0
DA:204,0
DA:205,0
DA:206,0
DA:207,0
DA:208,0
DA:209,0
DA:210,0
DA:211,0
DA:212,0
DA:213,0
DA:214,0
DA:215,0
DA:216,0
DA:217,0
DA:218,0
DA:219,0
DA:220,0
DA:221,0
DA:222,0
DA:223,0
DA:224,0
DA:225,0
DA:226,0
DA:227,0
DA:228,0
DA:229,0
DA:230,0
DA:231,0
DA:232,0
DA:233,0
DA:234,0
DA:240,0
DA:241,0
DA:242,0
DA:243,0
DA:246,0
DA:247,0
DA:248,0
DA:249,0
DA:250,0
DA:253,0
DA:254,0
DA:255,0
DA:256,0
DA:257,0
DA:258,0
DA:259,0
DA:260,0
DA:261,0
DA:262,0
DA:263,0
DA:264,0
DA:265,0
DA:266,0
DA:267,0
DA:268,0
DA:271,0
DA:272,0
DA:273,0
DA:274,0
DA:275,0
DA:276,0
DA:277,0
DA:278,0
DA:279,0
DA:280,0
DA:281,0
DA:282,0
DA:283,0
DA:284,1
DA:286,21
DA:287,0
DA:288,0
DA:289,0
DA:290,0
DA:291,0
DA:292,0
DA:293,0
DA:294,0
DA:295,0
DA:296,0
DA:297,0
DA:298,0
DA:299,0
DA:300,0
DA:301,0
DA:302,0
DA:303,0
DA:304,0
DA:305,0
DA:306,0
DA:307,0
DA:308,0
DA:309,0
DA:310,0
DA:311,0
DA:312,0
DA:313,0
DA:314,0
DA:317,0
DA:318,0
DA:319,0
DA:320,0
DA:321,0
DA:322,0
DA:323,0
DA:324,0
DA:325,0
DA:326,0
DA:327,0
DA:328,0
DA:329,0
DA:330,0
DA:333,0
DA:334,0
DA:335,0
DA:336,0
DA:337,0
DA:338,0
DA:339,0
DA:340,0
DA:341,0
DA:342,0
DA:343,0
DA:344,0
DA:345,0
DA:348,0
DA:349,0
DA:350,0
DA:351,0
DA:352,0
DA:353,0
DA:354,0
DA:355,0
DA:356,0
DA:357,0
DA:358,0
DA:359,0
DA:360,0
DA:361,0
DA:362,0
DA:363,0
DA:366,0
DA:367,0
DA:368,0
DA:369,0
DA:370,0
DA:371,0
DA:372,0
DA:373,0
DA:374,0
DA:375,0
DA:376,0
DA:377,0
DA:378,0
DA:381,0
DA:382,0
DA:383,0
DA:384,0
DA:385,0
DA:386,0
DA:387,0
DA:388,0
DA:389,0
DA:390,0
DA:391,0
DA:392,0
DA:393,0
DA:394,1
DA:399,0
DA:400,1
DA:405,0
DA:406,1
DA:412,0
DA:413,0
DA:414,0
DA:415,0
DA:416,0
DA:417,0
DA:418,0
DA:419,0
DA:420,0
DA:421,0
DA:422,0
DA:423,0
DA:424,0
DA:425,0
DA:426,1
DA:428,0
DA:429,0
DA:430,0
DA:431,0
DA:432,0
DA:433,0
DA:434,0
DA:435,0
DA:436,0
DA:437,0
DA:438,0
DA:439,0
DA:440,0
DA:441,0
DA:442,0
DA:443,1
DA:449,0
DA:450,0
DA:451,0
DA:452,0
DA:453,0
DA:454,0
DA:455,0
DA:456,0
DA:457,0
DA:458,0
DA:459,0
DA:460,0
DA:461,1
DA:463,0
DA:464,0
DA:465,0
DA:466,0
DA:467,0
DA:468,0
DA:469,0
DA:470,0
DA:471,0
DA:472,0
DA:473,0
DA:474,0
DA:475,0
DA:476,1
DA:481,0
DA:482,0
DA:483,0
DA:484,0
DA:485,0
DA:486,0
DA:487,0
DA:488,0
DA:489,0
DA:490,0
DA:491,0
DA:492,0
DA:493,0
DA:494,0
DA:495,0
DA:496,0
DA:497,0
DA:498,0
DA:499,0
DA:500,0
DA:501,0
DA:502,0
DA:503,0
DA:504,0
DA:505,0
DA:506,0
DA:507,0
DA:508,0
DA:509,0
DA:510,0
DA:511,0
DA:512,0
DA:513,0
DA:514,0
DA:515,0
DA:516,0
DA:517,0
DA:518,0
DA:519,0
DA:520,0
DA:521,0
DA:522,0
DA:523,0
LF:447
LH:58
end_of_record
SF:packages/sidflow-common/dist/audio-types.js
DA:1,9
LF:1
LH:1
end_of_record
SF:packages/sidflow-common/dist/audit-trail.js
DA:5,86
DA:6,72
DA:7,92
DA:8,58
DA:9,86
DA:11,1
DA:12,0
DA:13,0
DA:14,0
DA:15,0
DA:16,0
DA:17,0
DA:18,0
DA:19,0
DA:20,0
DA:21,0
DA:22,0
DA:23,0
DA:24,0
DA:25,0
DA:26,0
DA:27,0
DA:28,0
DA:29,0
DA:30,0
DA:31,0
DA:32,0
DA:33,0
DA:34,0
DA:35,0
DA:36,0
DA:37,0
DA:38,0
DA:39,0
DA:40,0
DA:41,0
DA:42,0
DA:43,0
DA:44,0
DA:45,0
DA:46,0
DA:47,0
DA:48,0
DA:49,0
DA:50,0
DA:51,0
DA:52,0
DA:53,0
DA:54,0
DA:55,0
DA:56,0
DA:57,0
DA:58,0
DA:59,0
DA:60,0
DA:61,0
DA:62,8
DA:64,2
DA:68,58
DA:69,0
DA:70,0
DA:71,0
DA:72,0
DA:73,0
DA:74,27
LF:65
LH:10
end_of_record
SF:packages/sidflow-common/dist/availability-manifest.js
DA:1,41
DA:2,44
DA:3,29
DA:4,37
DA:5,63
DA:6,53
DA:7,0
DA:8,0
DA:9,0
DA:10,0
DA:11,0
DA:12,0
DA:13,0
DA:14,0
DA:15,0
DA:16,0
DA:17,0
DA:18,1
DA:20,22
DA:21,18
DA:22,0
DA:23,2
DA:24,36
DA:25,0
DA:26,2
DA:27,55
DA:28,37
DA:29,33
DA:31,0
DA:32,0
DA:33,0
DA:34,0
DA:35,0
DA:36,0
DA:37,0
DA:38,0
DA:39,0
DA:40,0
DA:41,0
DA:42,0
DA:43,0
DA:44,0
DA:45,0
DA:46,0
DA:47,0
DA:48,0
DA:49,0
DA:50,0
DA:51,0
DA:52,0
DA:53,1
DA:55,0
DA:56,0
DA:57,0
DA:58,0
DA:59,0
DA:60,0
DA:61,0
DA:62,0
DA:63,0
DA:64,0
DA:65,0
DA:66,0
DA:67,1
DA:69,0
DA:70,0
DA:71,0
DA:72,1
DA:74,0
DA:75,0
DA:76,0
DA:77,0
DA:78,0
DA:79,0
DA:80,0
DA:81,0
DA:82,0
DA:83,0
DA:86,0
DA:87,0
DA:88,0
DA:89,0
DA:90,0
DA:93,14
DA:94,12
DA:95,63
DA:96,66
DA:97,65
DA:98,1
DA:100,0
DA:101,0
DA:102,0
DA:103,0
DA:104,0
DA:105,0
DA:108,0
DA:111,0
DA:114,0
DA:115,0
DA:116,0
DA:117,0
DA:118,0
DA:119,0
DA:120,0
DA:121,0
DA:122,0
DA:123,0
DA:124,0
DA:125,0
DA:128,0
DA:131,0
DA:132,0
LF:112
LH:24
end_of_record
SF:packages/sidflow-common/dist/canonical-writer.js
DA:7,57
DA:8,29
DA:9,36
DA:10,51
DA:11,56
DA:12,59
DA:13,0
DA:14,0
DA:17,0
DA:18,0
DA:19,0
DA:20,0
DA:21,0
DA:22,0
DA:23,0
DA:24,0
DA:25,0
DA:26,0
DA:27,0
DA:28,0
DA:29,0
DA:33,0
DA:34,0
DA:35,0
DA:36,0
DA:37,1
DA:39,0
DA:40,0
DA:41,0
DA:42,0
DA:43,0
DA:44,0
DA:45,0
DA:46,0
DA:49,0
DA:50,0
DA:51,0
DA:52,0
DA:53,0
DA:54,0
DA:55,0
DA:56,0
DA:57,0
DA:58,0
DA:59,0
DA:60,0
DA:61,0
DA:62,0
DA:63,0
DA:64,0
DA:65,0
DA:66,0
DA:67,0
DA:68,1
DA:70,0
DA:71,1
DA:73,0
LF:57
LH:9
end_of_record
SF:packages/sidflow-common/dist/chip-model.js
DA:4,16
DA:5,30
DA:6,0
DA:7,2
DA:8,48
DA:9,28
DA:10,0
DA:11,2
DA:12,37
DA:13,13
DA:14,0
DA:15,0
DA:16,0
DA:17,0
DA:18,0
LF:15
LH:8
end_of_record
SF:packages/sidflow-common/dist/config-cache.js
DA:5,41
DA:6,50
DA:7,43
DA:8,49
DA:9,22
DA:10,19
DA:11,10
DA:12,12
DA:13,19
DA:14,19
DA:15,1
DA:19,23
DA:20,71
DA:25,13
DA:26,48
DA:27,0
DA:28,2
DA:29,9
DA:30,39
DA:31,39
DA:33,45
DA:34,11
DA:35,0
DA:37,0
DA:38,0
DA:39,0
DA:42,0
DA:43,0
DA:44,0
DA:46,0
DA:47,0
DA:49,0
DA:50,0
DA:51,1
DA:57,39
DA:58,53
DA:59,18
DA:60,11
DA:61,9
DA:62,9
DA:63,10
DA:64,25
DA:65,9
DA:66,4
DA:67,62
DA:72,14
DA:73,49
DA:74,24
DA:75,11
DA:76,2
DA:77,41
DA:78,11
DA:79,0
DA:80,0
DA:81,0
DA:82,0
DA:83,2
DA:84,20
DA:85,20
DA:86,25
DA:91,11
DA:92,20
DA:93,70
DA:94,29
DA:95,2
DA:96,20
DA:101,0
DA:102,0
DA:103,0
DA:104,0
DA:105,0
DA:106,0
DA:107,0
DA:108,0
DA:109,0
DA:110,0
DA:111,0
DA:112,0
DA:113,0
DA:114,0
DA:115,0
DA:116,0
DA:117,0
DA:118,1
DA:123,21
DA:124,43
DA:129,0
DA:130,0
DA:131,0
DA:132,0
DA:133,0
DA:134,0
LF:92
LH:53
end_of_record
SF:packages/sidflow-common/dist/config.js
DA:1,50
DA:2,29
DA:3,35
DA:4,51
DA:5,118
DA:6,55
DA:7,24
DA:8,22
DA:9,34
DA:10,47
DA:11,0
DA:12,0
DA:13,0
DA:14,0
DA:15,0
DA:16,1
DA:18,1
DA:19,30
DA:20,50
DA:22,11
DA:23,22
DA:24,20
DA:25,26
DA:27,20
DA:28,38
DA:30,51
DA:31,86
DA:33,59
DA:34,19
DA:35,2
DA:37,67
DA:38,22
DA:39,56
DA:40,19
DA:41,2
DA:43,48
DA:44,0
DA:45,0
DA:46,2
DA:47,19
DA:48,16
DA:49,9
DA:50,56
DA:51,43
DA:52,28
DA:54,0
DA:55,2
DA:57,11
DA:58,9
DA:59,34
DA:61,0
DA:62,2
DA:64,52
DA:65,60
DA:66,57
DA:67,0
DA:68,0
DA:69,2
DA:70,54
DA:71,33
DA:72,169
DA:73,2
DA:75,24
DA:76,28
DA:77,67
DA:78,54
DA:79,14
DA:81,0
DA:82,0
DA:83,0
DA:84,0
DA:87,23
DA:88,40
DA:89,0
DA:90,2
DA:91,23
DA:92,36
DA:93,28
DA:94,49
DA:95,0
DA:96,4
DA:97,29
DA:99,47
DA:100,28
DA:101,49
DA:102,0
DA:103,4
DA:104,20
DA:105,0
DA:106,4
DA:107,13
DA:109,36
DA:110,28
DA:111,29
DA:112,6
DA:113,4
DA:114,49
DA:115,0
DA:116,4
DA:117,29
DA:119,44
DA:120,12
DA:121,12
DA:122,49
DA:123,41
DA:124,53
DA:125,47
DA:126,75
DA:127,98
DA:128,59
DA:129,75
DA:130,53
DA:131,1
DA:133,23
DA:134,29
DA:135,6
DA:136,2
DA:137,40
DA:138,0
DA:139,2
DA:140,23
DA:141,22
DA:142,41
DA:143,77
DA:144,0
DA:145,4
DA:146,58
DA:147,2
DA:148,45
DA:149,80
DA:150,0
DA:151,4
DA:152,50
DA:153,76
DA:154,65
DA:155,0
DA:156,6
DA:157,12
DA:158,4
DA:159,2
DA:160,47
DA:161,84
DA:162,0
DA:163,4
DA:164,67
DA:165,80
DA:166,65
DA:167,0
DA:168,6
DA:169,12
DA:170,4
DA:171,2
DA:172,42
DA:173,64
DA:174,20
DA:175,0
DA:176,4
DA:177,40
DA:178,2
DA:179,41
DA:180,45
DA:181,40
DA:182,23
DA:183,0
DA:184,4
DA:185,42
DA:186,2
DA:187,51
DA:188,55
DA:189,50
DA:190,35
DA:191,33
DA:192,0
DA:193,4
DA:194,62
DA:195,2
DA:196,43
DA:197,68
DA:198,0
DA:199,4
DA:200,46
DA:201,26
DA:202,54
DA:203,64
DA:204,0
DA:205,6
DA:206,27
DA:207,21
DA:208,50
DA:209,6
DA:210,4
DA:211,44
DA:212,66
DA:213,0
DA:214,6
DA:215,44
DA:216,27
DA:217,47
DA:218,81
DA:219,0
DA:220,8
DA:221,28
DA:222,22
DA:223,53
DA:224,8
DA:225,6
DA:226,47
DA:227,81
DA:228,0
DA:229,8
DA:230,28
DA:231,22
DA:232,53
DA:233,8
DA:234,6
DA:235,49
DA:236,49
DA:237,36
DA:238,0
DA:239,8
DA:240,28
DA:241,22
DA:242,57
DA:243,8
DA:244,6
DA:245,33
DA:246,0
DA:247,0
DA:248,0
DA:249,0
DA:250,0
DA:251,0
DA:252,0
DA:253,6
DA:254,27
DA:255,21
DA:256,23
DA:257,6
DA:258,4
DA:259,39
DA:260,2
DA:261,41
DA:262,64
DA:263,0
DA:264,4
DA:265,45
DA:266,37
DA:267,51
DA:268,0
DA:269,4
DA:270,24
DA:271,8
DA:272,6
DA:273,39
DA:274,0
DA:275,0
DA:276,0
DA:277,0
DA:278,4
DA:279,42
DA:280,0
DA:281,0
DA:282,0
DA:283,0
DA:284,4
DA:285,50
DA:286,52
DA:287,47
DA:288,30
DA:289,0
DA:290,6
DA:291,50
DA:292,4
DA:293,42
DA:294,0
DA:295,0
DA:296,0
DA:297,0
DA:298,4
DA:299,33
DA:300,2
DA:301,15
DA:303,11
DA:304,65
DA:306,23
DA:307,29
DA:308,6
DA:309,2
DA:310,40
DA:311,0
DA:312,2
DA:313,23
DA:314,20
DA:315,43
DA:316,81
DA:317,0
DA:318,4
DA:319,60
DA:320,2
DA:321,40
DA:322,75
DA:323,0
DA:324,4
DA:325,54
DA:326,2
DA:327,39
DA:328,0
DA:329,0
DA:330,0
DA:331,0
DA:332,2
DA:333,13
DA:335,23
DA:336,29
DA:337,6
DA:338,0
DA:339,0
DA:340,0
DA:341,0
DA:342,0
DA:343,0
DA:344,0
DA:345,0
DA:346,0
DA:347,0
DA:348,0
DA:349,0
DA:350,0
DA:351,0
DA:352,0
DA:353,0
DA:354,0
DA:355,0
DA:356,0
DA:357,0
DA:358,0
DA:359,0
DA:360,0
DA:361,0
DA:362,0
DA:363,0
DA:364,0
DA:365,0
DA:366,0
DA:367,0
DA:368,0
DA:369,0
DA:370,0
DA:371,0
DA:372,0
DA:373,0
DA:374,0
DA:375,0
DA:376,0
DA:377,0
DA:378,0
DA:379,0
DA:380,0
DA:381,0
DA:382,0
DA:383,0
DA:384,0
DA:385,0
DA:386,0
DA:387,0
DA:388,0
DA:389,0
DA:390,0
DA:391,0
DA:392,0
DA:393,0
DA:394,0
DA:395,0
DA:396,0
DA:397,0
DA:398,0
DA:399,0
DA:400,0
DA:401,0
DA:402,0
DA:403,0
DA:404,0
DA:405,0
DA:406,0
DA:407,0
DA:408,0
DA:409,0
DA:410,0
DA:411,0
LF:389
LH:251
end_of_record
SF:packages/sidflow-common/dist/feedback.js
DA:7,36
DA:8,44
DA:9,29
DA:10,41
DA:11,65
DA:18,0
DA:19,0
DA:20,0
DA:21,0
DA:22,0
DA:23,0
DA:24,0
DA:25,0
DA:26,0
DA:27,0
DA:28,0
DA:29,0
DA:30,0
DA:31,0
DA:32,0
DA:33,0
DA:34,0
DA:35,0
DA:36,0
DA:37,0
DA:38,0
DA:39,0
DA:40,0
DA:41,0
DA:42,0
DA:43,0
DA:44,0
DA:45,1
DA:54,0
DA:55,0
DA:56,0
DA:57,0
DA:58,0
DA:59,0
DA:60,0
DA:61,0
DA:62,0
DA:63,1
DA:70,0
DA:71,1
DA:79,0
DA:80,0
DA:81,0
DA:82,0
DA:83,0
DA:84,0
DA:85,0
DA:86,0
DA:87,0
DA:88,0
DA:89,0
DA:90,0
DA:91,0
DA:92,0
DA:93,0
DA:94,0
DA:95,0
DA:96,0
DA:97,0
DA:98,0
DA:99,0
DA:100,0
DA:101,0
DA:102,0
DA:103,0
DA:104,0
DA:105,0
DA:106,0
DA:107,0
DA:108,0
DA:109,0
DA:110,0
DA:111,0
DA:112,0
DA:113,0
DA:114,0
DA:115,0
DA:116,0
DA:117,0
DA:118,0
DA:119,0
DA:120,0
DA:121,0
DA:122,0
DA:123,0
DA:124,0
DA:125,0
DA:126,0
DA:127,0
DA:128,0
DA:129,0
DA:130,0
DA:131,0
DA:132,0
DA:133,0
DA:134,0
DA:135,0
DA:136,0
DA:137,0
DA:138,0
DA:139,0
DA:140,0
DA:141,0
DA:142,0
DA:143,0
DA:144,0
DA:145,0
DA:146,0
DA:147,0
DA:148,0
DA:149,0
DA:150,0
DA:151,0
DA:152,0
DA:153,0
DA:154,0
DA:155,0
DA:156,0
DA:157,0
LF:124
LH:8
end_of_record
SF:packages/sidflow-common/dist/fs.js
DA:1,47
DA:2,14
DA:3,41
DA:5,14
DA:6,9
DA:7,21
DA:8,12
DA:10,19
DA:11,35
DA:12,12
DA:13,0
DA:14,0
LF:12
LH:10
end_of_record
SF:packages/sidflow-common/dist/index.js
DA:1,28
DA:2,34
DA:3,36
DA:4,28
DA:5,26
DA:6,27
DA:7,32
DA:8,48
DA:9,26
DA:10,29
DA:11,34
DA:12,30
DA:13,37
DA:14,33
DA:15,32
DA:16,35
DA:17,32
DA:18,29
DA:19,38
DA:20,33
DA:21,31
DA:22,38
DA:23,32
DA:24,31
DA:25,36
DA:26,39
DA:27,40
DA:28,35
DA:29,33
DA:30,38
DA:31,43
DA:32,33
DA:33,31
LF:33
LH:33
end_of_record
SF:packages/sidflow-common/dist/job-orchestrator.js
DA:5,86
DA:6,72
DA:7,102
DA:8,110
DA:9,74
DA:10,58
DA:11,95
DA:15,1
DA:16,0
DA:17,0
DA:18,0
DA:19,0
DA:20,0
DA:21,0
DA:22,0
DA:23,0
DA:24,0
DA:25,0
DA:26,0
DA:27,0
DA:28,0
DA:29,0
DA:30,0
DA:31,0
DA:32,0
DA:33,0
DA:34,0
DA:35,0
DA:36,0
DA:37,0
DA:38,0
DA:39,0
DA:40,0
DA:41,0
DA:42,0
DA:43,0
DA:44,0
DA:45,0
DA:46,0
DA:47,0
DA:48,0
DA:49,0
DA:50,0
DA:51,0
DA:52,0
DA:53,0
DA:54,0
DA:55,0
DA:56,0
DA:57,0
DA:58,0
DA:59,0
DA:60,0
DA:61,0
DA:62,0
DA:63,0
DA:64,0
DA:65,0
DA:66,0
DA:67,0
DA:68,0
DA:69,0
DA:70,0
DA:71,0
DA:72,0
DA:73,0
DA:74,0
DA:75,17
DA:80,0
DA:81,44
DA:86,0
DA:87,0
DA:88,0
DA:89,0
DA:90,0
DA:91,0
DA:92,0
DA:93,0
DA:94,0
DA:95,0
DA:96,0
DA:97,0
DA:98,0
DA:99,0
DA:100,0
DA:101,0
DA:102,0
DA:103,0
DA:104,0
DA:105,0
DA:106,0
DA:107,0
DA:108,0
DA:109,0
DA:110,0
DA:111,0
DA:112,0
DA:113,0
DA:114,0
DA:115,0
DA:116,0
DA:117,0
DA:118,0
DA:119,0
DA:120,0
DA:121,0
DA:122,0
DA:123,0
DA:124,0
DA:125,0
DA:126,0
DA:127,0
DA:128,0
DA:129,0
DA:130,0
DA:131,0
DA:132,0
DA:133,0
DA:134,0
DA:135,0
DA:136,0
DA:137,0
DA:138,0
DA:139,0
DA:140,0
DA:141,0
DA:142,0
DA:143,0
DA:144,0
DA:145,0
DA:146,0
DA:147,0
DA:148,0
DA:149,0
DA:150,0
DA:151,0
DA:152,0
DA:153,0
DA:154,0
DA:155,0
DA:156,0
DA:157,0
DA:158,0
DA:159,0
DA:160,0
DA:161,0
DA:162,0
DA:163,0
DA:164,0
DA:165,0
DA:166,0
DA:167,0
DA:168,0
DA:169,40
DA:174,0
DA:175,0
DA:176,0
DA:177,46
DA:182,0
DA:183,0
DA:184,0
DA:185,0
DA:186,0
DA:187,0
DA:188,0
DA:189,0
DA:190,0
DA:191,7
DA:193,2
LF:169
LH:14
end_of_record
SF:packages/sidflow-common/dist/job-queue.js
DA:1,86
DA:2,88
DA:3,91
DA:10,1
DA:11,0
DA:12,0
DA:13,0
DA:14,0
DA:15,0
DA:16,0
DA:17,58
DA:19,0
DA:20,0
DA:21,0
DA:22,0
DA:23,0
DA:24,0
DA:25,0
DA:26,0
DA:27,0
DA:28,0
DA:29,0
DA:30,0
DA:31,0
DA:32,0
DA:33,0
DA:34,0
DA:35,0
DA:36,0
DA:37,0
DA:38,0
DA:39,0
DA:40,0
DA:41,0
DA:42,0
DA:43,0
DA:44,0
DA:45,0
DA:46,0
DA:47,0
DA:48,0
DA:49,0
DA:50,0
DA:51,0
DA:52,0
DA:53,0
DA:54,0
DA:55,0
DA:56,0
DA:57,0
DA:58,0
DA:59,0
DA:60,0
DA:61,0
DA:62,0
DA:63,0
DA:64,6
DA:66,2
DA:67,0
DA:68,58
LF:60
LH:8
end_of_record
SF:packages/sidflow-common/dist/job-runner.js
DA:1,86
DA:2,86
DA:3,96
DA:6,1
DA:7,0
DA:8,0
DA:9,0
DA:10,0
DA:11,0
DA:12,0
DA:13,0
DA:14,0
DA:15,0
DA:16,0
DA:17,0
DA:18,0
DA:19,0
DA:20,0
DA:21,0
DA:22,0
DA:23,0
DA:24,0
DA:25,0
DA:26,0
DA:27,0
DA:28,0
DA:29,0
DA:30,0
DA:31,0
DA:32,0
DA:33,0
DA:34,0
DA:35,0
DA:36,0
DA:37,0
DA:38,0
DA:39,0
DA:40,0
DA:41,0
DA:42,0
DA:43,0
DA:44,0
DA:45,0
DA:46,0
DA:47,0
DA:48,0
DA:49,0
DA:50,0
DA:51,0
DA:52,0
DA:53,0
DA:54,50
DA:56,0
DA:57,0
DA:58,0
DA:59,0
DA:60,0
DA:61,31
DA:63,0
DA:64,0
DA:65,0
DA:66,0
DA:67,0
DA:68,0
DA:69,0
DA:70,0
DA:71,42
DA:73,0
DA:74,0
DA:75,0
DA:76,0
DA:77,0
DA:78,0
DA:79,0
DA:80,0
DA:81,0
DA:82,0
DA:83,0
DA:84,0
DA:85,0
DA:86,0
DA:87,0
DA:88,0
DA:89,0
DA:90,0
DA:91,0
DA:92,0
DA:93,0
DA:94,0
DA:95,0
DA:96,0
DA:97,0
DA:98,0
DA:99,0
DA:100,0
DA:101,0
DA:102,0
DA:103,0
DA:104,0
DA:105,0
DA:106,0
DA:107,0
DA:108,0
DA:109,7
DA:111,2
DA:115,0
DA:116,0
DA:117,0
DA:118,0
DA:119,0
DA:120,0
DA:121,0
DA:122,0
DA:123,0
DA:124,0
DA:125,0
DA:126,0
DA:127,0
DA:128,0
DA:129,0
DA:130,0
DA:131,0
DA:132,0
DA:133,0
DA:134,0
DA:135,0
DA:136,0
DA:137,0
DA:138,0
DA:139,0
DA:140,0
DA:141,0
DA:142,0
DA:143,0
DA:144,0
DA:145,0
DA:146,0
DA:147,0
DA:148,0
DA:149,0
DA:150,0
DA:151,0
DA:152,0
DA:153,0
DA:154,0
DA:155,0
DA:156,0
DA:157,0
DA:158,0
DA:159,0
DA:160,0
DA:161,0
DA:162,0
DA:163,0
DA:164,0
DA:165,0
DA:166,0
DA:167,0
DA:168,0
DA:169,0
DA:170,0
DA:171,0
DA:172,0
DA:173,0
DA:174,0
DA:175,0
DA:176,0
DA:177,0
DA:178,0
DA:179,0
DA:180,0
DA:181,0
DA:182,0
DA:183,0
DA:184,0
DA:185,0
DA:186,0
DA:187,0
DA:188,0
DA:189,0
DA:190,0
DA:191,0
DA:192,0
DA:193,0
DA:194,0
DA:195,0
DA:196,0
DA:197,0
DA:198,0
DA:199,0
DA:200,0
DA:201,0
DA:202,0
DA:203,0
DA:204,0
DA:205,0
DA:206,0
DA:207,0
DA:208,0
DA:209,0
DA:210,0
DA:211,0
DA:212,0
DA:213,0
DA:214,0
DA:215,0
DA:216,0
DA:217,0
DA:218,0
DA:219,0
DA:220,0
DA:221,0
DA:222,0
DA:223,0
DA:224,0
DA:225,0
DA:226,0
DA:227,0
DA:228,0
DA:229,0
DA:230,0
DA:231,0
DA:232,0
DA:233,0
DA:234,0
DA:235,0
DA:236,0
DA:237,0
DA:238,0
DA:239,0
DA:240,0
DA:241,0
DA:242,0
DA:243,0
DA:244,0
DA:245,0
DA:246,0
DA:247,0
DA:248,0
DA:249,0
DA:250,0
DA:251,0
DA:252,0
DA:253,0
DA:254,0
DA:255,0
DA:256,0
DA:257,0
DA:258,0
DA:259,0
DA:260,0
DA:261,0
DA:262,0
DA:263,0
DA:264,0
DA:265,0
DA:266,0
DA:267,0
DA:268,0
DA:269,0
DA:270,0
DA:271,0
DA:272,0
DA:273,0
DA:274,0
DA:275,0
DA:276,0
DA:277,0
DA:278,0
DA:279,0
DA:280,0
DA:281,0
DA:282,0
DA:283,0
DA:284,0
DA:285,0
DA:286,0
DA:287,0
DA:288,7
DA:291,0
DA:292,90
LF:281
LH:11
end_of_record
SF:packages/sidflow-common/dist/job-types.js
DA:4,70
LF:1
LH:1
end_of_record
SF:packages/sidflow-common/dist/json.js
DA:1,16
DA:2,30
DA:3,56
DA:4,2
DA:5,44
DA:6,38
DA:7,41
DA:8,26
DA:9,42
DA:10,68
DA:11,4
DA:12,17
DA:13,2
DA:14,13
DA:16,29
DA:17,67
DA:18,53
LF:17
LH:17
end_of_record
SF:packages/sidflow-common/dist/jsonl-schema.js
DA:10,34
DA:11,10
DA:12,13
DA:13,14
DA:14,8
DA:15,1
LF:6
LH:6
end_of_record
SF:packages/sidflow-common/dist/lancedb-builder.js
DA:7,57
DA:8,37
DA:9,29
DA:10,41
DA:11,35
DA:12,46
DA:13,36
DA:14,63
DA:19,34
DA:23,0
DA:24,0
DA:25,0
DA:26,0
DA:27,0
DA:28,0
DA:29,0
DA:30,0
DA:31,0
DA:32,0
DA:33,0
DA:34,0
DA:35,0
DA:36,0
DA:37,0
DA:38,0
DA:39,0
DA:40,0
DA:41,0
DA:42,0
DA:43,0
DA:44,0
DA:45,0
DA:46,0
DA:47,0
DA:48,0
DA:49,0
DA:50,0
DA:51,0
DA:52,0
DA:53,0
DA:54,0
DA:55,0
DA:61,0
DA:62,0
DA:63,0
DA:64,0
DA:65,0
DA:66,0
DA:67,0
DA:68,0
DA:69,0
DA:70,0
DA:71,0
DA:72,0
DA:73,0
DA:74,0
DA:75,0
DA:76,0
DA:77,0
DA:78,0
DA:79,0
DA:80,0
DA:81,0
DA:82,0
DA:83,0
DA:84,0
DA:85,0
DA:86,0
DA:87,0
DA:88,0
DA:89,0
DA:90,0
DA:91,0
DA:92,0
DA:98,0
DA:99,0
DA:100,0
DA:101,0
DA:102,0
DA:103,0
DA:104,0
DA:105,0
DA:106,0
DA:107,0
DA:108,0
DA:109,0
DA:110,0
DA:111,0
DA:112,0
DA:113,0
DA:114,0
DA:115,0
DA:116,0
DA:117,0
DA:118,0
DA:119,0
DA:120,0
DA:121,0
DA:122,0
DA:123,0
DA:124,0
DA:130,0
DA:131,0
DA:132,0
DA:133,0
DA:134,0
DA:135,0
DA:136,0
DA:137,0
DA:138,0
DA:139,0
DA:140,0
DA:141,0
DA:142,0
DA:143,0
DA:144,0
DA:145,0
DA:146,0
DA:147,0
DA:148,0
DA:149,0
DA:150,0
DA:151,0
DA:152,0
DA:153,0
DA:154,0
DA:155,1
DA:160,0
DA:161,0
DA:162,0
DA:163,0
DA:164,0
DA:165,0
DA:166,0
DA:167,0
DA:168,0
DA:169,0
DA:170,0
DA:171,0
DA:172,0
DA:173,0
DA:174,0
DA:175,0
DA:176,0
DA:177,0
DA:178,0
DA:179,0
DA:180,0
DA:181,0
DA:182,0
DA:183,0
DA:184,0
DA:185,0
DA:186,0
DA:187,0
DA:188,0
DA:189,0
DA:190,1
DA:195,0
DA:196,0
DA:197,0
DA:198,0
DA:199,0
DA:200,0
DA:201,0
DA:202,0
DA:203,0
DA:204,0
DA:205,0
DA:206,0
DA:207,0
DA:208,0
DA:209,0
DA:210,0
DA:211,0
DA:212,0
DA:213,0
DA:214,0
DA:215,0
DA:216,0
DA:217,0
DA:218,0
DA:219,0
DA:220,0
DA:221,0
DA:222,0
DA:223,0
DA:224,0
DA:225,0
LF:189
LH:11
end_of_record
SF:packages/sidflow-common/dist/logger.js
DA:1,23
DA:2,11
DA:3,10
DA:4,10
DA:5,9
DA:6,1
DA:7,11
DA:8,16
DA:9,12
DA:10,0
DA:11,0
DA:12,0
DA:14,6
DA:15,56
DA:16,28
DA:17,82
DA:18,0
DA:19,4
DA:20,67
DA:21,15
DA:22,0
DA:23,0
DA:24,0
DA:25,0
DA:26,0
DA:27,0
DA:28,2
DA:29,2
DA:30,14
DA:32,45
DA:33,11
DA:34,64
DA:36,20
DA:37,34
DA:38,36
DA:39,35
DA:40,31
DA:41,6
DA:42,0
DA:43,3
DA:46,12
DA:47,40
DA:48,37
DA:49,37
DA:50,37
DA:51,1
LF:46
LH:35
end_of_record
SF:packages/sidflow-common/dist/metadata-cache.js
DA:5,47
DA:6,40
DA:8,22
DA:9,23
DA:11,27
DA:12,34
DA:14,14
DA:15,10
DA:16,12
DA:17,19
DA:18,15
DA:19,17
DA:20,26
DA:21,17
DA:22,2
DA:23,21
DA:27,0
DA:28,0
DA:29,0
DA:30,0
DA:31,0
DA:32,0
DA:33,0
DA:34,0
DA:35,0
DA:36,0
DA:37,0
DA:38,0
DA:39,0
DA:40,0
DA:41,0
DA:42,0
DA:43,0
DA:44,0
DA:45,0
DA:46,0
DA:47,0
DA:48,0
DA:49,0
DA:50,0
DA:51,0
DA:52,0
DA:53,0
DA:54,0
DA:55,0
DA:56,0
DA:57,0
DA:58,0
DA:59,0
DA:60,0
DA:61,0
DA:62,0
DA:63,0
DA:64,0
DA:65,0
DA:66,0
DA:67,1
DA:72,0
DA:73,0
DA:74,0
DA:75,0
DA:76,0
DA:77,0
DA:78,0
DA:79,0
DA:80,0
DA:81,0
DA:82,0
DA:83,0
DA:84,0
DA:85,0
DA:86,0
DA:87,0
DA:88,0
DA:89,0
DA:90,0
DA:91,0
DA:92,1
DA:98,0
DA:99,0
DA:100,0
DA:101,0
DA:102,0
DA:103,0
DA:104,0
DA:105,0
DA:106,0
DA:107,0
DA:108,0
DA:109,0
DA:110,0
DA:111,0
DA:112,0
DA:113,0
DA:114,0
DA:115,0
DA:116,0
DA:117,0
DA:118,0
DA:119,0
DA:120,0
DA:121,0
DA:122,0
DA:123,0
DA:124,0
DA:125,1
DA:130,0
DA:131,0
DA:132,0
DA:133,0
DA:134,0
DA:135,0
DA:136,0
DA:137,0
DA:138,0
DA:139,0
DA:140,0
DA:141,0
DA:142,0
DA:143,1
DA:149,0
DA:150,0
DA:151,0
DA:152,0
DA:153,1
DA:158,0
DA:159,0
DA:160,0
DA:161,0
DA:162,0
DA:163,0
DA:164,0
DA:165,0
DA:166,0
DA:167,0
DA:171,0
DA:172,0
DA:175,0
DA:176,0
DA:177,0
DA:178,0
LF:141
LH:21
end_of_record
SF:packages/sidflow-common/dist/perf-utils.js
DA:5,86
DA:6,80
DA:16,1
DA:17,0
DA:18,0
DA:19,0
DA:20,0
DA:21,0
DA:22,0
DA:23,7
DA:28,0
DA:29,0
DA:30,0
DA:31,0
DA:32,0
DA:33,67
DA:38,0
DA:39,0
DA:40,0
DA:41,0
DA:42,0
DA:43,0
DA:44,0
DA:45,0
DA:46,0
DA:47,0
DA:48,0
DA:49,0
DA:50,0
DA:51,0
DA:52,0
DA:53,0
DA:54,0
DA:55,0
DA:56,0
DA:57,0
DA:58,0
DA:59,0
DA:60,0
DA:61,20
DA:66,0
DA:67,60
DA:72,0
DA:73,31
DA:78,0
DA:79,0
DA:80,0
DA:81,0
DA:82,0
DA:83,0
DA:84,0
DA:85,0
DA:86,0
DA:87,0
DA:88,0
DA:89,0
DA:90,0
DA:91,0
DA:92,0
DA:93,0
DA:94,8
DA:99,0
DA:100,0
DA:101,0
DA:102,0
DA:103,0
DA:104,0
DA:105,0
DA:106,0
DA:107,0
DA:108,0
DA:109,0
DA:110,0
DA:111,0
DA:112,0
DA:113,0
DA:114,0
DA:115,0
DA:116,0
DA:117,0
DA:118,0
DA:119,0
DA:120,0
DA:121,0
DA:122,0
DA:123,36
DA:126,2
DA:130,0
DA:131,43
DA:136,0
DA:137,0
DA:138,0
DA:139,0
DA:140,0
DA:141,0
DA:142,0
DA:143,0
DA:144,29
DA:149,0
DA:150,0
DA:151,0
DA:152,0
DA:153,0
DA:154,0
DA:155,0
DA:156,0
DA:157,29
DA:162,64
DA:163,14
DA:164,26
DA:165,28
DA:166,64
DA:167,23
DA:168,0
DA:169,0
DA:170,35
DA:175,0
DA:176,0
DA:177,0
DA:178,0
DA:179,0
DA:180,0
DA:181,0
DA:182,0
DA:183,0
DA:184,7
DA:189,0
DA:190,0
DA:191,0
DA:192,0
DA:193,25
DA:198,0
DA:199,48
DA:204,0
DA:205,23
DA:207,2
DA:211,0
DA:212,49
DA:217,52
DA:218,16
DA:219,30
DA:220,23
DA:221,0
DA:222,25
DA:227,0
DA:228,41
DA:233,0
DA:234,0
DA:235,0
DA:236,0
DA:237,0
DA:238,0
DA:239,0
DA:240,33
DA:245,0
DA:246,0
DA:247,0
DA:248,0
DA:249,0
DA:250,0
DA:251,0
DA:252,0
DA:253,0
DA:254,0
DA:255,0
DA:256,0
DA:257,0
DA:258,0
DA:259,0
DA:260,0
DA:261,0
DA:262,0
DA:263,0
DA:264,0
DA:265,0
DA:266,8
DA:271,0
DA:272,0
DA:273,0
DA:274,0
DA:275,0
DA:276,0
DA:277,0
DA:278,0
DA:279,0
DA:280,0
DA:281,0
DA:282,0
DA:283,0
DA:284,32
DA:289,0
DA:290,0
DA:291,32
DA:293,2
DA:297,0
DA:298,31
LF:196
LH:39
end_of_record
SF:packages/sidflow-common/dist/playback-harness.js
DA:3,74
DA:4,70
DA:5,88
DA:6,118
DA:7,156
DA:8,70
DA:9,78
DA:10,52
DA:11,10
DA:12,38
DA:13,44
DA:14,0
DA:15,0
DA:16,0
DA:17,0
DA:18,0
DA:19,0
DA:20,0
DA:21,0
DA:22,0
DA:23,0
DA:24,0
DA:25,0
DA:26,12
DA:27,5
DA:28,8
DA:29,10
DA:30,36
DA:31,42
DA:32,0
DA:33,0
DA:34,0
DA:35,0
DA:36,0
DA:37,0
DA:38,0
DA:39,0
DA:40,0
DA:41,9
DA:42,5
DA:43,4
DA:44,4
DA:45,57
DA:46,0
DA:47,0
DA:48,0
DA:49,0
DA:50,0
DA:51,65
DA:53,0
DA:54,0
DA:55,32
DA:79,1
DA:80,0
DA:81,0
DA:82,0
DA:83,0
DA:84,0
DA:85,0
DA:86,56
DA:88,0
DA:89,0
DA:90,0
DA:91,0
DA:92,0
DA:93,0
DA:94,0
DA:95,0
DA:96,0
DA:97,0
DA:98,0
DA:99,7
DA:101,0
DA:102,0
DA:103,0
DA:104,0
DA:105,0
DA:106,0
DA:107,0
DA:108,0
DA:109,0
DA:110,0
DA:111,0
DA:112,7
DA:114,0
DA:115,24
DA:117,0
DA:118,0
DA:119,0
DA:120,0
DA:121,0
DA:122,0
DA:123,0
DA:124,0
DA:125,0
DA:126,0
DA:127,0
DA:128,0
DA:129,0
DA:130,0
DA:131,0
DA:132,0
DA:133,0
DA:134,0
DA:135,0
DA:136,0
DA:137,0
DA:138,0
DA:139,0
DA:140,0
DA:141,0
DA:142,0
DA:143,0
DA:144,0
DA:145,0
DA:146,0
DA:147,0
DA:148,0
DA:149,0
DA:150,0
DA:151,0
DA:152,0
DA:153,0
DA:154,0
DA:155,0
DA:156,0
DA:157,0
DA:158,0
DA:159,0
DA:160,0
DA:161,0
DA:162,0
DA:163,0
DA:164,0
DA:165,0
DA:166,0
DA:167,0
DA:168,0
DA:169,0
DA:170,0
DA:171,0
DA:172,0
DA:173,0
DA:174,0
DA:175,0
DA:176,0
DA:177,0
DA:178,0
DA:179,0
DA:180,0
DA:181,0
DA:182,0
DA:183,0
DA:184,0
DA:185,0
DA:186,0
DA:187,0
DA:188,0
DA:189,0
DA:190,0
DA:191,0
DA:192,0
DA:193,0
DA:194,0
DA:195,0
DA:196,0
DA:197,0
DA:198,0
DA:199,0
DA:200,0
DA:201,0
DA:202,0
DA:203,0
DA:204,0
DA:205,0
DA:206,0
DA:207,0
DA:208,0
DA:209,0
DA:210,0
DA:211,0
DA:212,38
DA:214,0
DA:215,0
DA:216,0
DA:217,0
DA:218,0
DA:219,0
DA:220,0
DA:221,0
DA:222,0
DA:223,0
DA:224,0
DA:225,0
DA:226,0
DA:227,0
DA:228,0
DA:229,0
DA:230,0
DA:231,0
DA:232,0
DA:233,0
DA:234,0
DA:235,0
DA:236,0
DA:237,0
DA:238,0
DA:239,0
DA:240,0
DA:241,0
DA:242,0
DA:243,0
DA:244,0
DA:245,0
DA:246,0
DA:247,0
DA:248,0
DA:249,0
DA:250,0
DA:251,0
DA:252,0
DA:253,0
DA:254,0
DA:255,0
DA:256,0
DA:257,0
DA:258,0
DA:259,0
DA:260,0
DA:261,0
DA:262,0
DA:263,0
DA:264,0
DA:265,0
DA:266,0
DA:267,0
DA:268,0
DA:269,0
DA:270,0
DA:271,0
DA:272,0
DA:273,0
DA:274,0
DA:275,0
DA:276,0
DA:277,0
DA:278,0
DA:279,0
DA:280,0
DA:281,0
DA:282,0
DA:283,0
DA:284,0
DA:285,0
DA:286,0
DA:287,0
DA:288,0
DA:289,0
DA:290,0
DA:291,0
DA:292,0
DA:293,0
DA:294,0
DA:295,0
DA:296,0
DA:297,0
DA:298,0
DA:299,0
DA:300,0
DA:301,0
DA:302,0
DA:303,0
DA:304,0
DA:305,0
DA:306,0
DA:307,0
DA:308,0
DA:309,0
DA:310,0
DA:311,0
DA:312,0
DA:313,0
DA:314,0
DA:315,0
DA:316,0
DA:317,0
DA:318,0
DA:319,0
DA:320,0
DA:321,0
DA:322,0
DA:323,6
DA:325,2
LF:293
LH:32
end_of_record
SF:packages/sidflow-common/dist/playback-lock.js
DA:1,70
DA:2,58
DA:3,126
DA:4,72
DA:5,93
DA:6,0
DA:7,0
DA:8,0
DA:9,45
DA:11,0
DA:12,0
DA:13,0
DA:14,0
DA:15,0
DA:16,0
DA:17,0
DA:18,0
DA:19,0
DA:20,0
DA:21,0
DA:22,0
DA:23,0
DA:24,3
DA:26,0
DA:27,0
DA:28,0
DA:29,0
DA:30,0
DA:31,0
DA:32,0
DA:33,0
DA:34,0
DA:35,17
DA:38,0
DA:39,0
DA:40,71
DA:42,0
DA:43,0
DA:44,0
DA:45,0
DA:46,0
DA:47,5
DA:50,1
DA:51,0
DA:52,0
DA:53,0
DA:54,0
DA:55,0
DA:56,0
DA:57,0
DA:58,0
DA:59,0
DA:60,0
DA:61,0
DA:62,0
DA:63,0
DA:64,0
DA:65,0
DA:66,0
DA:67,0
DA:68,0
DA:69,0
DA:70,0
DA:71,0
DA:72,0
DA:73,0
DA:74,0
DA:75,0
DA:76,0
DA:77,0
DA:78,0
DA:79,0
DA:80,0
DA:81,0
DA:82,0
DA:83,0
DA:84,0
DA:85,0
DA:86,0
DA:87,0
DA:88,0
DA:89,0
DA:90,0
DA:91,0
DA:92,0
DA:93,0
DA:94,0
DA:95,0
DA:96,0
DA:97,26
DA:99,2
DA:100,0
DA:101,0
DA:102,36
LF:94
LH:14
end_of_record
SF:packages/sidflow-common/dist/ratings.js
DA:1,0
DA:2,0
DA:3,0
DA:4,0
DA:5,0
DA:6,0
DA:7,0
DA:8,0
DA:9,0
DA:10,0
DA:11,0
DA:12,0
DA:13,0
LF:13
LH:0
end_of_record
SF:packages/sidflow-common/dist/recommender.js
DA:8,70
DA:9,92
DA:13,60
DA:14,60
DA:15,64
DA:16,68
DA:17,58
DA:18,62
DA:19,60
DA:20,4
DA:24,82
DA:25,26
DA:26,24
DA:27,22
DA:28,4
DA:34,1
DA:35,0
DA:36,0
DA:37,0
DA:38,0
DA:39,0
DA:40,0
DA:41,0
DA:42,0
DA:43,0
DA:44,0
DA:45,0
DA:46,0
DA:47,0
DA:48,0
DA:49,0
DA:50,0
DA:51,0
DA:52,0
DA:53,0
DA:54,0
DA:55,0
DA:56,0
DA:57,0
DA:58,0
DA:59,0
DA:60,0
DA:61,0
DA:62,0
DA:63,0
DA:64,0
DA:65,0
DA:66,0
DA:67,0
DA:68,0
DA:69,0
DA:70,0
DA:71,0
DA:72,0
DA:73,0
DA:74,37
DA:79,0
DA:80,0
DA:81,0
DA:82,0
DA:83,0
DA:84,0
DA:85,0
DA:86,0
DA:87,0
DA:88,0
DA:89,0
DA:90,0
DA:91,0
DA:92,0
DA:93,0
DA:94,0
DA:95,0
DA:96,0
DA:97,0
DA:98,21
DA:103,0
DA:104,0
DA:105,0
DA:106,0
DA:107,0
DA:108,0
DA:109,0
DA:110,0
DA:111,0
DA:112,0
DA:113,0
DA:114,0
DA:115,0
DA:116,0
DA:117,0
DA:118,0
DA:119,0
DA:120,0
DA:121,0
DA:122,0
DA:123,0
DA:124,0
DA:125,0
DA:126,0
DA:127,0
DA:128,0
DA:129,0
DA:130,0
DA:131,0
DA:132,0
DA:133,0
DA:134,0
DA:135,0
DA:136,22
DA:142,0
DA:143,0
DA:144,0
DA:145,0
DA:146,0
DA:147,0
DA:148,0
DA:149,0
DA:150,0
DA:151,0
DA:152,0
DA:153,0
DA:154,0
DA:155,0
DA:156,0
DA:157,0
DA:158,0
DA:159,0
DA:160,0
DA:161,0
DA:162,0
DA:163,0
DA:164,0
DA:165,0
DA:166,0
DA:167,0
DA:168,0
DA:169,0
DA:170,0
DA:171,0
DA:172,0
DA:173,0
DA:174,0
DA:175,0
DA:176,0
DA:177,0
DA:178,0
DA:179,0
DA:180,0
DA:181,0
DA:182,0
DA:183,0
DA:184,0
DA:185,0
DA:186,0
DA:187,42
DA:192,0
DA:193,0
DA:194,0
DA:195,0
DA:196,0
DA:197,0
DA:198,0
DA:199,0
DA:200,0
DA:201,0
DA:202,0
DA:203,0
DA:204,0
DA:205,0
DA:206,0
DA:207,0
DA:208,0
DA:209,42
DA:214,0
DA:215,0
DA:216,0
DA:217,0
DA:218,55
DA:224,0
DA:225,0
DA:226,0
DA:227,0
DA:228,0
DA:229,32
DA:235,0
DA:236,0
DA:237,0
DA:238,0
DA:239,49
DA:244,0
DA:245,0
DA:246,0
DA:247,0
DA:248,0
DA:249,0
DA:250,0
DA:251,0
DA:252,0
DA:253,0
DA:254,0
DA:255,0
DA:256,0
DA:257,0
DA:258,0
DA:259,0
DA:260,21
DA:265,0
DA:266,0
DA:267,0
DA:268,0
DA:269,0
DA:270,0
DA:271,0
DA:272,0
DA:273,0
DA:274,0
DA:275,0
DA:276,0
DA:277,28
DA:279,2
DA:283,0
DA:284,43
LF:223
LH:28
end_of_record
SF:packages/sidflow-common/dist/render-matrix.js
DA:9,31
DA:11,5
DA:12,23
DA:13,21
DA:14,32
DA:15,27
DA:16,54
DA:17,15
DA:18,4
DA:19,5
DA:20,23
DA:21,21
DA:22,23
DA:23,27
DA:24,56
DA:25,18
DA:26,4
DA:27,5
DA:28,23
DA:29,21
DA:30,29
DA:31,27
DA:32,46
DA:33,15
DA:34,4
DA:36,5
DA:37,23
DA:38,21
DA:39,29
DA:40,27
DA:41,50
DA:42,15
DA:43,4
DA:45,5
DA:46,23
DA:47,21
DA:48,23
DA:49,28
DA:50,35
DA:51,15
DA:52,4
DA:53,5
DA:54,23
DA:55,21
DA:56,32
DA:57,28
DA:58,42
DA:59,18
DA:60,4
DA:61,5
DA:62,23
DA:63,21
DA:64,29
DA:65,28
DA:66,42
DA:67,15
DA:68,2
DA:69,2
DA:73,0
DA:74,0
DA:75,0
DA:76,0
DA:77,0
DA:78,0
DA:79,0
DA:80,0
DA:81,0
DA:82,0
DA:83,0
DA:84,0
DA:85,0
DA:86,0
DA:87,0
DA:88,0
DA:89,0
DA:90,0
DA:91,0
DA:92,0
DA:93,0
DA:94,0
DA:95,0
DA:101,0
DA:102,0
DA:103,0
DA:104,0
DA:105,0
DA:106,0
DA:107,0
DA:108,0
DA:109,0
DA:110,0
DA:111,0
DA:112,0
DA:113,0
DA:114,0
DA:115,0
DA:116,1
DA:121,0
DA:122,0
DA:123,0
DA:124,0
DA:125,0
DA:126,0
DA:127,1
DA:132,0
DA:133,1
DA:138,0
DA:139,1
DA:144,0
DA:145,0
DA:146,0
DA:147,0
LF:112
LH:62
end_of_record
SF:packages/sidflow-common/dist/retry.js
DA:1,0
DA:2,0
DA:3,0
DA:4,0
DA:5,0
DA:6,0
DA:7,0
DA:8,0
DA:9,0
DA:10,0
DA:11,0
DA:12,0
DA:13,0
DA:14,0
DA:15,0
DA:16,0
DA:17,0
DA:18,0
DA:19,0
DA:20,0
DA:21,0
LF:21
LH:0
end_of_record
SF:packages/sidflow-common/dist/sid-parser.js
DA:5,43
DA:9,0
DA:16,0
DA:17,0
DA:18,0
DA:19,0
DA:20,0
DA:21,0
DA:22,0
DA:23,0
DA:24,0
DA:25,0
DA:31,0
DA:32,0
DA:33,0
DA:34,0
DA:35,0
DA:36,0
DA:37,0
DA:38,0
DA:39,0
DA:40,0
DA:41,0
DA:42,0
DA:49,0
DA:50,0
DA:51,0
DA:52,0
DA:53,0
DA:54,0
DA:55,0
DA:56,0
DA:57,0
DA:58,0
DA:59,0
DA:67,0
DA:68,0
DA:69,0
DA:70,0
DA:71,1
DA:76,0
DA:77,0
DA:78,1
DA:83,0
DA:84,0
DA:85,0
DA:86,0
DA:87,0
DA:88,0
DA:89,0
DA:90,0
DA:91,0
DA:92,0
DA:93,0
DA:94,0
DA:95,0
DA:96,0
DA:97,0
DA:98,0
DA:99,0
DA:100,0
DA:101,0
DA:102,0
DA:103,0
DA:104,0
DA:105,0
DA:106,0
DA:107,0
DA:108,0
DA:109,0
DA:110,0
DA:111,0
DA:112,0
DA:113,0
DA:114,0
DA:115,0
DA:116,0
DA:117,0
DA:118,0
DA:119,0
DA:120,0
DA:121,0
DA:122,0
DA:123,0
DA:124,0
DA:125,0
DA:126,0
DA:127,0
DA:128,0
DA:129,0
DA:130,0
DA:131,0
DA:132,0
DA:133,0
DA:134,0
DA:135,0
DA:136,0
DA:137,0
DA:138,0
DA:139,0
DA:140,0
DA:141,0
DA:142,0
DA:143,0
DA:144,0
DA:145,0
DA:146,0
DA:147,0
DA:148,0
DA:149,0
DA:150,0
DA:151,0
DA:152,0
DA:153,0
DA:154,0
DA:155,0
DA:156,0
DA:157,0
DA:158,0
DA:159,0
DA:160,0
DA:161,0
DA:162,0
DA:163,0
DA:164,1
DA:169,0
DA:170,0
DA:171,0
DA:172,0
DA:173,0
DA:174,0
DA:175,0
DA:176,0
DA:177,0
DA:178,0
DA:179,0
DA:180,0
DA:181,0
DA:182,0
DA:183,0
DA:184,0
DA:185,0
DA:186,0
DA:187,0
DA:188,0
DA:189,0
DA:190,0
DA:191,0
DA:192,0
DA:193,0
DA:194,0
DA:195,0
DA:196,0
LF:153
LH:4
end_of_record
SF:packages/sidflow-common/dist/songlengths.js
DA:1,52
DA:2,43
DA:3,41
DA:4,29
DA:5,68
DA:6,33
DA:7,28
DA:8,30
DA:9,25
DA:10,32
DA:11,0
DA:12,0
DA:13,0
DA:14,2
DA:15,0
DA:16,0
DA:17,0
DA:18,2
DA:19,0
DA:20,0
DA:21,0
DA:22,1
DA:23,1
DA:24,0
DA:25,0
DA:28,0
DA:29,0
DA:30,0
DA:31,0
DA:32,0
DA:33,0
DA:34,0
DA:35,0
DA:36,0
DA:39,0
DA:40,0
DA:41,0
DA:42,0
DA:43,0
DA:44,0
DA:45,0
DA:49,0
DA:50,0
DA:51,0
DA:52,0
DA:53,0
DA:54,0
DA:55,0
DA:56,0
DA:57,0
DA:58,0
DA:59,0
DA:60,1
DA:62,0
DA:63,0
DA:64,0
DA:65,0
DA:66,0
DA:67,0
DA:68,0
DA:69,0
DA:70,0
DA:71,0
DA:72,0
DA:73,0
DA:74,0
DA:75,0
DA:76,0
DA:77,0
DA:78,0
DA:79,0
DA:80,0
DA:81,0
DA:82,0
DA:83,0
DA:84,0
DA:85,0
DA:86,0
DA:87,0
DA:88,0
DA:89,0
DA:90,0
DA:91,0
DA:92,0
DA:93,0
DA:94,0
DA:95,0
DA:96,0
DA:97,0
DA:98,0
DA:99,0
DA:100,0
DA:101,0
DA:102,0
DA:103,0
DA:104,0
DA:105,0
DA:106,0
DA:107,0
DA:108,0
DA:109,0
DA:110,0
DA:111,0
DA:112,0
DA:113,0
DA:114,0
DA:117,0
DA:118,0
DA:119,0
DA:120,0
DA:121,0
DA:122,0
DA:123,0
DA:124,0
DA:125,0
DA:126,0
DA:129,0
DA:130,0
DA:131,0
DA:132,0
DA:133,0
DA:134,0
DA:135,0
DA:136,0
DA:137,0
DA:138,0
DA:139,0
DA:140,0
DA:141,0
DA:142,0
DA:143,0
DA:144,0
DA:145,1
DA:147,0
DA:148,0
DA:149,0
DA:150,0
DA:151,0
DA:152,0
DA:153,0
DA:154,0
DA:155,0
DA:156,0
DA:157,0
DA:158,0
DA:159,0
DA:160,0
DA:161,0
DA:162,0
DA:163,0
DA:164,0
DA:165,0
DA:166,0
DA:167,0
DA:168,0
DA:169,0
DA:170,0
DA:171,0
DA:172,0
DA:173,0
DA:174,0
DA:175,1
DA:178,0
DA:179,0
DA:180,0
DA:181,0
DA:182,0
DA:183,0
DA:184,0
DA:185,0
DA:186,0
DA:187,0
DA:188,0
DA:189,0
DA:190,0
DA:191,0
DA:192,0
DA:193,0
DA:194,0
DA:195,0
DA:196,0
DA:197,0
DA:198,1
DA:200,0
DA:201,0
DA:202,0
DA:203,0
DA:204,0
DA:205,0
DA:206,0
DA:207,0
DA:208,0
DA:209,0
DA:210,0
DA:211,0
DA:212,0
DA:213,1
DA:215,0
DA:216,0
DA:217,0
DA:218,0
DA:219,0
DA:220,0
DA:221,0
DA:222,1
DA:224,0
DA:225,0
DA:226,0
DA:227,0
LF:209
LH:20
end_of_record
SF:packages/sidflow-common/dist/tags.js
DA:1,29
DA:2,53
DA:3,50
DA:4,0
DA:5,0
DA:6,0
DA:7,0
DA:8,0
DA:9,1
DA:11,0
DA:12,1
DA:14,0
DA:15,0
DA:16,0
DA:17,0
DA:18,0
DA:19,1
DA:21,0
DA:22,0
DA:23,0
DA:24,0
DA:25,0
DA:28,0
DA:29,0
DA:30,0
DA:31,0
DA:32,0
DA:35,0
DA:36,0
DA:37,1
DA:39,0
DA:40,0
DA:41,0
DA:42,0
DA:43,1
DA:45,0
DA:46,1
DA:48,0
DA:49,0
DA:50,0
DA:51,0
DA:52,0
DA:53,0
DA:54,0
DA:55,1
DA:57,0
DA:58,0
DA:59,0
DA:60,0
DA:61,0
LF:50
LH:10
end_of_record
SF:packages/sidflow-common/dist/ultimate64-capture.js
DA:30,1
DA:31,0
DA:32,0
DA:33,0
DA:34,0
DA:35,0
DA:36,0
DA:37,0
DA:38,0
DA:39,0
DA:40,0
DA:41,0
DA:42,0
DA:43,0
DA:44,0
DA:45,0
DA:46,0
DA:47,0
DA:48,0
DA:49,0
DA:50,0
DA:51,0
DA:52,0
DA:53,0
DA:54,0
DA:55,0
DA:56,0
DA:57,0
DA:58,0
DA:59,0
DA:60,0
DA:61,0
DA:62,0
DA:63,0
DA:64,0
DA:65,0
DA:66,0
DA:67,0
DA:68,0
DA:69,0
DA:70,0
DA:71,0
DA:72,0
DA:73,0
DA:74,0
DA:75,0
DA:76,0
DA:77,0
DA:78,0
DA:79,0
DA:80,8
DA:85,0
DA:86,0
DA:87,0
DA:88,0
DA:89,0
DA:90,0
DA:91,0
DA:92,0
DA:93,0
DA:94,0
DA:95,0
DA:96,0
DA:97,0
DA:98,0
DA:99,0
DA:100,0
DA:101,0
DA:102,0
DA:103,0
DA:104,0
DA:105,0
DA:106,0
DA:107,0
DA:108,0
DA:109,0
DA:110,0
DA:111,0
DA:112,0
DA:113,0
DA:114,0
DA:115,0
DA:116,0
DA:117,0
DA:118,0
DA:119,0
DA:120,0
DA:121,0
DA:122,0
DA:123,0
DA:124,20
DA:129,0
DA:130,0
DA:131,0
DA:132,0
DA:133,0
DA:134,0
DA:135,0
DA:136,0
DA:137,0
DA:138,0
DA:139,0
DA:140,0
DA:141,0
DA:142,0
DA:143,0
DA:144,0
DA:145,0
DA:146,0
DA:147,0
DA:148,0
DA:149,0
DA:150,0
DA:151,0
DA:152,0
DA:153,0
DA:154,0
DA:155,0
DA:156,0
DA:157,0
DA:158,0
DA:159,0
DA:160,0
DA:161,0
DA:162,0
DA:163,0
DA:164,0
DA:165,0
DA:166,0
DA:167,0
[...]
DA:1100,0
DA:1101,0
DA:1102,0
DA:1106,0
DA:1109,0
DA:1110,0
DA:1111,0
DA:1112,0
DA:1115,0
DA:1121,0
DA:1128,1088
DA:1129,1088
DA:1130,1088
DA:1132,1088
DA:1133,54
DA:1134,54
DA:1137,0
DA:1139,0
DA:1140,0
DA:1141,0
DA:1142,0
DA:1144,0
DA:1145,0
DA:1146,0
DA:1148,0
DA:1151,0
DA:1156,1088
DA:1158,1
DA:1159,1
DA:1161,1
DA:1168,1
DA:1169,0
DA:1170,0
DA:1173,1
DA:1175,1
DA:1176,0
DA:1177,0
DA:1181,1
DA:1182,1
DA:1185,1
DA:1186,1
DA:1187,2
DA:1188,2
DA:1192,1
DA:1194,1
DA:1196,0
DA:1202,1088
DA:1204,0
DA:1205,0
DA:1206,0
DA:1208,0
DA:1210,0
DA:1220,0
DA:1222,0
DA:1223,0
DA:1224,0
DA:1227,0
DA:1229,0
DA:1230,0
DA:1231,0
DA:1235,0
DA:1236,0
DA:1239,0
DA:1240,0
DA:1241,0
DA:1242,0
DA:1246,0
DA:1248,0
DA:1249,0
DA:1251,0
DA:1257,1088
DA:1259,0
DA:1264,0
DA:1265,0
DA:1266,0
DA:1267,0
DA:1269,0
DA:1270,0
DA:1271,0
DA:1272,0
DA:1275,0
DA:1277,0
DA:1287,0
DA:1289,0
DA:1290,0
DA:1291,0
DA:1294,0
DA:1296,0
DA:1297,0
DA:1298,0
DA:1302,0
DA:1303,0
DA:1306,0
DA:1307,0
DA:1308,0
DA:1309,0
DA:1313,0
DA:1315,0
DA:1316,0
DA:1318,0
DA:1324,1088
DA:1326,0
DA:1327,0
DA:1328,0
DA:1331,0
DA:1332,0
DA:1334,0
DA:1343,0
DA:1345,0
DA:1346,0
DA:1347,0
DA:1350,0
DA:1351,0
DA:1352,0
DA:1354,0
DA:1360,1088
DA:1362,0
DA:1363,0
DA:1364,0
DA:1366,0
DA:1375,0
DA:1377,0
DA:1378,0
DA:1379,0
DA:1382,0
DA:1384,0
DA:1385,0
DA:1386,0
DA:1390,0
DA:1391,0
DA:1394,0
DA:1395,0
DA:1396,0
DA:1397,0
DA:1401,0
DA:1403,0
DA:1405,0
DA:1407,0
DA:1413,1088
DA:1414,0
DA:1415,0
DA:1417,0
DA:1418,0
DA:1419,0
DA:1421,0
DA:1430,0
DA:1432,0
DA:1433,0
DA:1434,0
DA:1437,0
DA:1439,0
DA:1440,0
DA:1441,0
DA:1444,0
DA:1445,0
DA:1447,0
DA:1448,0
DA:1450,0
DA:1451,0
DA:1452,0
DA:1453,0
DA:1460,0
DA:1462,0
DA:1463,0
DA:1472,0
DA:1474,0
DA:1476,0
DA:1480,1088
DA:1482,0
DA:1483,0
DA:1484,0
DA:1486,0
DA:1495,0
DA:1497,0
DA:1498,0
DA:1499,0
DA:1502,0
DA:1504,0
DA:1505,0
DA:1506,0
DA:1510,0
DA:1511,0
DA:1514,0
DA:1515,0
DA:1516,0
DA:1517,0
DA:1521,0
DA:1523,0
DA:1524,0
DA:1526,0
DA:1528,0
DA:1534,1088
DA:1536,0
DA:1537,0
DA:1539,0
DA:1540,0
DA:1541,0
DA:1545,0
DA:1546,0
DA:1547,0
DA:1549,0
DA:1552,0
DA:1553,0
DA:1559,0
DA:1571,0
DA:1572,0
DA:1573,0
DA:1575,0
DA:1579,0
DA:1584,0
DA:1590,1088
DA:1591,790
DA:1593,0
DA:1594,1565
DA:1596,790
DA:1599,1088
DA:1604,2176
DA:1605,1383
DA:1607,793
DA:1610,1932
DA:1625,0
DA:1641,1088
DA:1643,0
DA:1647,0
DA:1651,0
DA:1655,0
DA:1656,0
DA:1657,0
DA:1661,0
DA:1662,0
DA:1663,0
DA:1667,0
DA:1668,0
DA:1669,0
DA:1675,0
DA:1679,0
DA:1680,0
DA:1681,0
DA:1686,0
DA:1690,1088
DA:1727,1
DA:1728,0
DA:1729,0
DA:1731,0
DA:1742,3020
DA:1744,0
DA:1766,4
DA:1772,6528
DA:1780,6
DA:1785,6
DA:1794,0
DA:1807,0
DA:1813,0
DA:1822,0
DA:1828,0
DA:1846,0
DA:1861,0
DA:1868,0
DA:1875,0
DA:1882,0
DA:1890,0
DA:1901,0
DA:1910,0
DA:1939,0
DA:1953,0
DA:1960,0
DA:1967,0
DA:2105,345
DA:2126,690
DA:2183,0
DA:2188,0
DA:2199,0
DA:2204,0
DA:2215,0
DA:2220,0
DA:2231,1
DA:2241,0
DA:2277,0
DA:2288,0
DA:2303,0
DA:2317,0
DA:2335,0
DA:2353,0
DA:2412,0
DA:2413,0
DA:2414,0
DA:2415,0
DA:2433,0
DA:2449,0
LF:885
LH:448
end_of_record
SF:packages/sidflow-web/components/PlaylistBrowser.tsx
DA:27,44
DA:28,34
DA:29,34
DA:30,34
DA:34,44
DA:42,1092
DA:43,1092
DA:44,1092
DA:45,1092
DA:47,1092
DA:48,7
DA:49,7
DA:50,7
DA:51,7
DA:52,7
DA:53,0
DA:55,7
DA:58,0
DA:60,7
DA:64,1092
DA:65,61
DA:66,7
DA:70,1092
DA:71,1
DA:72,0
DA:75,1
DA:76,1
DA:77,1
DA:79,0
DA:83,1092
DA:84,0
DA:85,0
DA:88,1092
DA:90,1
DA:91,1
DA:92,1
DA:93,1
DA:94,1
DA:95,1
DA:96,1
DA:99,1092
DA:100,1
DA:102,1
DA:103,1
DA:104,1
DA:107,0
DA:111,1092
DA:148,44
DA:180,0
DA:189,1
DA:197,1
DA:205,1
LF:52
LH:44
end_of_record
SF:packages/sidflow-web/components/PrefsTab.tsx
DA:12,4
DA:13,4
LF:2
LH:2
end_of_record
SF:packages/sidflow-web/components/ProfileTab.tsx
DA:27,7
DA:28,7
DA:29,7
DA:30,7
DA:32,7
DA:33,1
DA:34,0
DA:35,0
DA:38,1
DA:39,1
DA:40,1
DA:42,1
DA:43,1
DA:44,1
DA:46,1
DA:47,0
DA:48,0
DA:50,1
DA:51,1
DA:54,0
DA:55,0
DA:56,0
DA:58,1
DA:62,7
DA:63,1
DA:64,1
DA:67,7
DA:68,0
DA:69,0
DA:75,0
DA:79,7
DA:96,1
LF:32
LH:22
end_of_record
SF:packages/sidflow-web/components/PublicPrefsTab.tsx
DA:16,73
DA:31,73
DA:40,9
DA:41,9
DA:42,9
DA:43,9
DA:44,9
DA:45,9
DA:47,9
DA:49,9
DA:50,2
DA:51,2
DA:52,2
DA:53,2
DA:54,0
DA:56,2
DA:61,2
DA:62,0
DA:64,2
DA:65,10
DA:66,10
DA:74,2
DA:76,0
DA:77,0
DA:78,0
DA:87,2
DA:90,9
DA:91,4
DA:92,3
DA:94,1
DA:97,9
DA:99,0
DA:100,0
DA:105,9
DA:107,0
DA:108,0
DA:113,9
DA:115,0
DA:116,0
DA:121,9
DA:122,0
DA:123,0
DA:124,0
DA:125,0
DA:127,0
DA:128,0
DA:129,0
DA:132,9
DA:134,0
DA:135,0
DA:139,0
DA:140,0
DA:142,0
DA:143,0
DA:148,9
DA:150,0
DA:156,0
DA:161,9
DA:166,0
DA:172,0
DA:177,9
DA:179,0
DA:185,0
DA:190,9
DA:191,0
DA:192,0
DA:193,0
DA:194,0
DA:195,0
DA:197,0
DA:199,0
DA:200,0
DA:202,0
DA:204,0
DA:208,9
DA:210,0
DA:211,0
DA:212,0
DA:213,0
DA:214,0
DA:215,0
DA:216,0
DA:218,0
DA:219,0
DA:220,0
DA:221,0
DA:222,0
DA:224,0
DA:226,0
DA:231,0
DA:237,9
DA:238,0
DA:239,0
DA:242,9
DA:243,4
DA:244,3
DA:246,1
DA:247,0
DA:249,1
DA:252,9
DA:253,5
DA:254,5
DA:256,0
DA:257,0
DA:259,0
DA:260,0
DA:261,0
DA:262,0
DA:265,9
DA:266,5
DA:267,5
DA:269,0
DA:270,0
DA:272,0
DA:273,0
DA:274,0
DA:275,0
DA:277,0
DA:280,9
DA:281,0
DA:282,0
DA:283,0
DA:285,0
DA:286,0
DA:289,9
DA:290,0
DA:291,0
DA:292,0
DA:294,0
DA:295,0
DA:298,9
DA:317,0
DA:325,36
DA:337,0
DA:345,27
DA:363,0
DA:371,10
DA:401,0
DA:411,0
DA:419,0
DA:427,0
DA:447,0
DA:483,0
DA:499,0
DA:512,0
DA:547,0
DA:559,0
DA:570,0
DA:589,0
DA:601,0
DA:602,0
DA:603,0
DA:607,0
DA:624,0
DA:627,0
DA:633,0
DA:641,0
DA:653,0
DA:654,0
DA:669,0
LF:160
LH:53
end_of_record
SF:packages/sidflow-web/components/QueueView.tsx
DA:15,0
DA:16,0
DA:29,0
DA:38,0
LF:4
LH:0
end_of_record
SF:packages/sidflow-web/components/RateTab.tsx
DA:46,73
DA:53,73
DA:57,27
DA:58,0
DA:60,27
DA:61,27
DA:62,27
DA:63,27
DA:64,0
DA:65,0
DA:67,27
DA:71,184
DA:72,184
DA:73,184
DA:77,8
DA:78,0
DA:80,8
DA:84,1
DA:85,1
DA:87,0
DA:88,0
DA:89,0
DA:91,0
DA:95,1
DA:96,1
DA:98,0
DA:99,0
DA:103,154
DA:111,73
DA:112,73
DA:115,92
DA:116,92
DA:117,92
DA:118,92
DA:119,92
DA:120,92
DA:121,92
DA:122,92
DA:123,92
DA:124,92
DA:125,92
DA:126,92
DA:127,92
DA:128,92
DA:129,92
DA:130,92
DA:136,92
DA:137,92
DA:138,92
DA:139,92
DA:140,92
DA:141,92
DA:142,92
DA:143,92
DA:144,92
DA:145,92
DA:146,92
DA:147,92
DA:148,92
DA:150,92
DA:152,92
DA:154,0
DA:155,0
DA:156,0
DA:158,0
DA:169,92
DA:170,8
DA:173,92
DA:174,41
DA:175,41
DA:177,41
DA:179,41
DA:186,41
DA:189,92
DA:190,14
DA:191,14
DA:194,92
DA:195,10
DA:196,10
DA:199,92
DA:200,10
DA:203,92
DA:205,2
DA:206,0
DA:207,0
DA:208,0
DA:209,0
DA:210,0
DA:212,2
DA:213,2
DA:214,2
DA:215,2
DA:216,2
DA:221,92
DA:222,10
DA:223,0
DA:225,10
DA:226,0
DA:229,10
DA:230,10
DA:231,10
DA:232,10
DA:233,0
DA:234,0
DA:236,10
DA:238,0
DA:242,10
DA:243,10
DA:246,10
DA:247,10
DA:248,0
DA:251,10
DA:254,92
DA:255,4
DA:256,4
DA:257,4
DA:258,4
DA:261,0
DA:262,0
DA:263,0
DA:266,0
DA:267,0
DA:268,0
DA:269,0
DA:270,0
DA:271,0
DA:275,0
DA:276,0
DA:277,0
DA:278,0
DA:279,0
DA:284,0
DA:285,0
DA:286,0
DA:287,0
DA:290,0
DA:293,92
DA:294,8
DA:297,92
DA:298,9
DA:299,9
DA:300,9
DA:302,9
DA:305,92
DA:306,8
DA:307,8
DA:308,2
DA:310,8
DA:311,0
DA:313,8
DA:314,9
DA:315,0
DA:317,9
DA:319,8
DA:320,8
DA:321,8
DA:322,8
DA:323,8
DA:324,8
DA:327,8
DA:328,0
DA:329,0
DA:330,0
DA:331,0
DA:332,0
DA:333,0
DA:334,0
DA:335,0
DA:336,0
DA:339,0
DA:341,0
DA:344,92
DA:347,8
DA:348,1493
DA:349,1493
DA:350,1493
DA:351,1493
DA:352,1493
DA:353,1481
DA:355,12
DA:357,1493
DA:358,1493
DA:359,1493
DA:360,1478
DA:362,15
DA:364,1493
DA:365,1493
DA:367,1493
DA:370,8
DA:371,8
DA:372,0
DA:376,92
DA:377,4
DA:378,4
DA:380,0
DA:381,0
DA:382,0
DA:383,0
DA:385,0
DA:389,92
DA:391,92
DA:393,4
DA:394,4
DA:395,0
DA:396,0
DA:399,4
DA:400,4
DA:401,4
DA:402,4
DA:403,4
DA:404,4
DA:405,4
DA:406,4
DA:407,4
DA:408,4
DA:413,4
DA:414,4
DA:415,2
DA:419,2
DA:420,2
DA:421,2
DA:422,2
DA:423,2
DA:424,2
DA:425,2
DA:426,2
DA:427,2
DA:428,2
DA:432,2
DA:433,2
DA:434,2
DA:435,2
DA:438,0
DA:439,0
DA:441,0
DA:442,0
DA:443,0
DA:445,2
DA:446,2
DA:448,2
DA:449,2
DA:450,2
DA:451,2
DA:452,2
DA:454,0
DA:456,2
DA:467,92
DA:468,92
DA:469,8
DA:470,0
DA:471,0
DA:476,92
DA:478,0
DA:479,0
DA:480,0
DA:481,0
DA:482,0
DA:483,0
DA:484,0
DA:486,0
DA:487,0
DA:489,0
DA:490,0
DA:492,0
DA:493,0
DA:495,0
DA:501,92
DA:502,4
DA:503,0
DA:505,4
DA:507,4
DA:508,4
DA:509,0
DA:510,0
DA:512,0
DA:515,4
DA:516,4
DA:517,4
DA:519,4
DA:520,0
DA:521,0
DA:522,0
DA:523,0
DA:525,0
DA:528,4
DA:529,0
DA:530,0
DA:533,4
DA:535,4
DA:536,4
DA:537,4
DA:541,2
DA:544,4
DA:545,4
DA:546,2
DA:548,0
DA:549,0
DA:552,0
DA:553,0
DA:555,0
DA:556,0
DA:557,0
DA:558,0
DA:561,0
DA:564,0
DA:565,0
DA:567,2
DA:568,0
DA:570,2
DA:582,92
DA:583,2
DA:584,2
DA:585,0
DA:587,2
DA:588,2
DA:589,1
DA:590,1
DA:591,1
DA:593,1
DA:594,1
DA:595,0
DA:597,0
DA:598,0
DA:602,92
DA:603,0
DA:604,0
DA:606,0
DA:607,0
DA:608,0
DA:611,92
DA:612,0
DA:613,0
DA:615,0
DA:616,0
DA:619,92
DA:621,0
DA:622,0
DA:623,0
DA:625,0
DA:630,92
DA:632,0
DA:633,0
DA:635,0
DA:636,0
DA:637,0
DA:638,0
DA:640,0
DA:641,0
DA:647,92
DA:648,0
DA:649,0
DA:650,0
DA:651,0
DA:652,0
DA:655,92
DA:656,0
DA:657,0
DA:658,0
DA:659,0
DA:660,0
DA:663,92
DA:664,20
DA:665,0
DA:670,0
DA:673,0
DA:675,0
DA:676,0
DA:677,0
DA:679,0
DA:680,0
DA:681,0
DA:683,0
DA:684,0
DA:685,0
DA:689,20
DA:690,20
DA:693,92
DA:695,9
DA:696,9
DA:697,9
DA:702,9
DA:703,9
DA:704,9
DA:705,1
DA:706,0
DA:707,0
DA:709,1
DA:710,0
DA:716,0
DA:717,0
DA:719,0
DA:721,1
DA:726,8
DA:727,1
DA:734,8
DA:736,9
DA:737,0
DA:740,0
DA:743,0
DA:744,0
DA:746,9
DA:752,92
DA:753,9
DA:756,92
DA:757,0
DA:766,92
DA:797,92
DA:803,92
DA:807,92
DA:808,92
DA:812,92
DA:814,92
DA:818,92
DA:819,0
DA:820,0
DA:821,0
DA:824,0
DA:825,0
DA:827,0
DA:828,0
DA:838,0
DA:840,0
DA:841,0
DA:851,0
DA:852,0
DA:858,0
DA:859,0
DA:861,0
DA:864,0
DA:869,0
DA:884,92
DA:1030,368
DA:1040,1840
DA:1044,1
DA:1099,1
DA:1117,0
DA:1126,0
DA:1155,4
DA:1167,1
DA:1168,1
DA:1169,1
DA:1170,0
DA:1171,0
DA:1173,0
DA:1174,0
DA:1176,0
DA:1177,0
DA:1180,1
DA:1202,4
DA:1203,4
DA:1206,0
DA:1207,0
DA:1208,0
DA:1209,0
DA:1211,0
DA:1214,0
DA:1227,0
DA:1236,0
DA:1242,0
DA:1243,0
DA:1244,0
DA:1245,0
DA:1249,0
DA:1252,0
DA:1253,0
DA:1257,0
DA:1261,4
DA:1273,20
LF:468
LH:259
end_of_record
SF:packages/sidflow-web/components/RegisterDialog.tsx
DA:19,124
DA:20,124
DA:21,124
DA:22,124
DA:23,124
DA:24,124
DA:26,124
DA:27,0
DA:28,0
DA:31,0
DA:32,0
DA:33,0
DA:36,0
DA:37,0
DA:38,0
DA:41,0
DA:42,0
DA:43,0
DA:46,0
DA:48,0
DA:50,0
DA:51,0
DA:52,0
DA:53,0
DA:54,0
DA:55,0
DA:57,0
DA:60,0
DA:63,124
DA:86,0
DA:102,0
DA:118,0
LF:32
LH:8
end_of_record
SF:packages/sidflow-web/components/SaveQueueDialog.tsx
DA:31,1071
DA:32,1071
DA:33,1071
DA:34,1071
DA:35,1071
DA:37,1071
DA:38,0
DA:39,0
DA:40,0
DA:43,0
DA:44,0
DA:45,0
DA:48,0
DA:49,0
DA:51,0
DA:52,0
DA:61,0
DA:63,0
DA:64,0
DA:65,0
DA:66,0
DA:70,0
DA:71,0
DA:72,0
DA:73,0
DA:74,0
DA:76,0
DA:78,0
DA:82,1071
DA:104,0
DA:114,0
DA:126,0
LF:32
LH:7
end_of_record
SF:packages/sidflow-web/components/ServiceWorkerBridge.tsx
DA:5,79
DA:8,79
DA:9,79
DA:10,0
DA:12,79
DA:13,0
DA:14,0
DA:17,79
DA:19,79
DA:20,0
DA:21,0
DA:22,0
DA:24,0
DA:25,0
DA:29,79
DA:31,79
DA:32,79
DA:33,79
DA:36,79
DA:37,79
DA:42,0
DA:43,0
DA:48,79
DA:50,79
DA:51,0
DA:52,0
DA:56,79
LF:27
LH:15
end_of_record
SF:packages/sidflow-web/components/SidflowApp.tsx
DA:49,73
DA:55,37
DA:62,237
DA:68,37
DA:74,37
DA:80,37
DA:86,37
DA:93,237
DA:101,237
DA:109,237
DA:116,237
DA:122,237
DA:128,37
DA:133,237
DA:134,237
DA:135,237
DA:137,237
DA:138,360
DA:142,237
DA:144,237
DA:145,237
DA:149,237
DA:150,237
DA:152,237
DA:153,76
DA:154,0
DA:158,237
DA:159,76
DA:160,0
DA:164,237
DA:165,73
DA:166,73
DA:167,0
DA:171,237
DA:173,237
DA:175,80
DA:180,237
DA:181,6
DA:182,6
DA:184,0
DA:190,237
DA:192,3
DA:193,0
DA:195,3
DA:196,3
DA:197,3
DA:198,0
DA:199,0
DA:200,0
DA:201,0
DA:202,0
DA:211,237
DA:213,3
DA:214,3
DA:219,237
DA:220,1740
DA:223,237
DA:225,1740
DA:229,237
DA:257,1644
DA:271,1644
DA:286,1644
DA:287,1644
DA:288,0
DA:290,1644
LF:65
LH:54
end_of_record
SF:packages/sidflow-web/components/SongBrowser.tsx
DA:21,1071
DA:22,1071
DA:23,1071
DA:24,1071
DA:26,1071
DA:28,54
DA:29,54
DA:30,54
DA:31,54
DA:32,54
DA:33,0
DA:35,54
DA:36,54
DA:37,0
DA:39,54
DA:40,54
DA:41,0
DA:43,54
DA:44,54
DA:45,54
DA:47,0
DA:48,0
DA:49,0
DA:51,54
DA:57,1071
DA:58,54
DA:61,1071
DA:63,0
DA:68,1071
DA:69,0
DA:70,0
DA:71,0
DA:73,0
DA:74,0
DA:77,1071
DA:78,0
DA:81,1071
DA:83,0
DA:84,0
DA:90,1071
DA:92,1
DA:97,1071
DA:102,0
DA:108,1071
DA:109,1071
DA:111,1071
DA:133,1071
DA:138,0
DA:184,878
DA:192,0
DA:204,1
DA:215,0
DA:226,0
DA:249,0
DA:266,0
LF:55
LH:33
end_of_record
SF:packages/sidflow-web/components/ToastViewport.tsx
DA:6,79
DA:12,79
DA:19,168
DA:21,168
DA:24,107
DA:25,107
LF:6
LH:6
end_of_record
SF:packages/sidflow-web/components/TopChartsTab.tsx
DA:18,3
DA:19,3
DA:20,3
DA:22,3
DA:23,1
DA:24,1
DA:25,1
DA:26,1
DA:27,1
DA:28,1
DA:30,0
DA:33,0
DA:34,0
DA:36,1
DA:40,1
DA:43,3
DA:44,0
DA:45,0
DA:48,3
DA:49,0
DA:50,0
DA:53,3
DA:54,9
DA:56,3
DA:58,3
DA:60,3
DA:64,3
DA:74,9
DA:78,0
DA:102,0
DA:135,0
LF:31
LH:21
end_of_record
SF:packages/sidflow-web/components/TrainTab.tsx
DA:14,4
DA:15,4
DA:16,4
DA:18,4
DA:19,2
DA:20,2
DA:22,0
DA:23,0
DA:24,0
DA:25,0
DA:28,4
DA:29,2
DA:30,2
DA:32,0
DA:35,4
DA:36,0
DA:37,0
DA:38,0
DA:40,0
DA:41,0
DA:42,0
DA:45,4
DA:46,0
DA:47,0
DA:48,0
DA:50,0
DA:51,0
DA:52,0
DA:55,4
DA:56,1
DA:57,0
DA:61,4
DA:62,1
DA:63,0
DA:67,4
LF:35
LH:16
end_of_record
SF:packages/sidflow-web/components/UserMenu.tsx
DA:11,281
DA:12,281
DA:13,281
DA:15,281
DA:16,0
DA:19,281
DA:20,0
DA:21,0
DA:24,281
DA:25,0
DA:26,0
DA:29,281
DA:30,157
DA:33,124
DA:34,0
DA:52,124
DA:58,5
DA:68,1
LF:18
LH:12
end_of_record
SF:packages/sidflow-web/components/WizardTab.tsx
DA:14,73
DA:58,4
DA:59,4
DA:60,4
DA:62,4
DA:63,0
DA:64,0
DA:68,4
DA:69,0
DA:70,0
DA:74,4
DA:75,0
DA:78,4
DA:216,20
DA:218,0
LF:15
LH:9
end_of_record
SF:packages/sidflow-web/components/ui/alert.tsx
DA:6,79
DA:22,79
DA:26,0
DA:33,79
DA:35,79
DA:39,0
DA:45,79
DA:47,79
DA:51,0
DA:57,79
LF:10
LH:7
end_of_record
SF:packages/sidflow-web/components/ui/button.tsx
DA:7,73
DA:43,73
DA:45,22759
DA:46,22759
DA:55,73
LF:5
LH:5
end_of_record
SF:packages/sidflow-web/components/ui/card.tsx
DA:5,73
DA:9,5710
DA:18,73
DA:20,73
DA:24,5687
DA:30,73
DA:32,73
DA:36,5687
DA:42,73
DA:44,73
DA:48,5683
DA:54,73
DA:56,73
DA:60,5710
DA:62,73
DA:64,73
DA:68,0
DA:74,73
LF:18
LH:17
end_of_record
SF:packages/sidflow-web/components/ui/collapsible.tsx
DA:6,73
DA:8,73
DA:10,73
LF:3
LH:3
end_of_record
SF:packages/sidflow-web/components/ui/dialog.tsx
DA:7,73
DA:9,73
DA:11,73
DA:13,73
DA:15,73
DA:19,15
DA:25,73
DA:27,73
DA:31,2390
DA:46,73
DA:48,73
DA:52,9
DA:57,73
DA:59,73
DA:63,0
DA:68,73
DA:70,73
DA:74,9
DA:80,73
DA:82,73
DA:86,9
DA:92,73
LF:22
LH:21
end_of_record
SF:packages/sidflow-web/components/ui/input.tsx
DA:9,73
DA:11,1311
DA:24,73
LF:3
LH:3
end_of_record
SF:packages/sidflow-web/components/ui/label.tsx
DA:9,73
DA:13,73
DA:18,49
DA:24,73
LF:4
LH:4
end_of_record
SF:packages/sidflow-web/components/ui/progress.tsx
DA:8,73
DA:12,14
DA:26,73
LF:3
LH:3
end_of_record
SF:packages/sidflow-web/components/ui/scroll-area.tsx
DA:10,73
DA:12,44
DA:23,73
LF:3
LH:3
end_of_record
SF:packages/sidflow-web/components/ui/select.tsx
DA:8,73
DA:10,73
DA:12,73
DA:14,73
DA:18,1098
DA:32,73
DA:34,73
DA:38,990
DA:49,73
DA:51,73
DA:55,990
DA:66,73
DA:69,73
DA:73,1098
DA:99,73
DA:101,73
DA:105,0
DA:111,73
DA:113,73
DA:117,5884
DA:133,73
DA:135,73
DA:139,0
DA:145,73
LF:24
LH:22
end_of_record
SF:packages/sidflow-web/components/ui/sheet.tsx
DA:13,73
DA:14,73
DA:15,73
DA:16,73
DA:18,73
DA:22,74
DA:31,73
DA:33,73
DA:49,73
DA:53,1092
DA:72,73
DA:74,73
DA:78,67
DA:86,73
DA:88,73
DA:92,0
DA:100,73
DA:102,73
DA:106,67
DA:112,73
DA:114,73
DA:118,67
DA:124,73
LF:23
LH:22
end_of_record
SF:packages/sidflow-web/components/ui/slider.tsx
DA:8,73
DA:12,2220
DA:26,73
LF:3
LH:3
end_of_record
SF:packages/sidflow-web/components/ui/tabs.tsx
DA:8,73
DA:10,73
DA:14,237
DA:23,73
DA:25,73
DA:29,1644
DA:38,73
DA:40,73
DA:44,1644
DA:53,73
LF:10
LH:10
end_of_record
SF:packages/sidflow-web/components/ui/textarea.tsx
DA:9,73
DA:11,0
DA:23,73
LF:3
LH:2
end_of_record
SF:packages/sidflow-web/lib/auth-context.tsx
DA:20,73
DA:23,272
DA:24,272
DA:26,272
DA:27,73
DA:28,73
DA:29,73
DA:30,0
DA:31,0
DA:32,0
DA:34,0
DA:37,73
DA:40,0
DA:42,73
DA:46,272
DA:47,73
DA:50,272
DA:51,0
DA:52,0
DA:58,0
DA:59,0
DA:60,0
DA:61,0
DA:63,0
DA:66,0
DA:70,272
DA:71,0
DA:72,0
DA:78,0
DA:79,0
DA:80,0
DA:81,0
DA:83,0
DA:86,0
DA:90,272
DA:91,0
DA:92,0
DA:96,0
DA:99,272
DA:107,529
DA:108,529
DA:109,0
DA:111,529
LF:43
LH:18
end_of_record
SF:packages/sidflow-web/lib/utils.ts
DA:5,70924
LF:1
LH:1
end_of_record
SF:packages/sidflow-web/lib/feedback/global-model.ts
DA:17,79
DA:20,79
DA:21,0
DA:23,79
DA:24,0
DA:26,79
DA:27,79
DA:28,79
DA:29,273972
DA:31,79
DA:35,79
DA:36,79
DA:37,79
DA:43,79
DA:44,0
DA:46,79
DA:54,79
DA:55,0
DA:57,79
DA:67,79
DA:71,0
LF:21
LH:16
end_of_record
SF:packages/sidflow-web/lib/feedback/sync.ts
DA:14,79
DA:15,79
DA:16,79
DA:17,79
DA:35,79
DA:71,0
DA:72,0
DA:74,0
DA:78,0
DA:79,0
DA:81,0
DA:82,0
DA:83,0
DA:84,0
DA:85,0
DA:87,0
DA:89,0
DA:90,0
DA:91,0
DA:93,0
DA:96,0
DA:97,0
DA:98,0
DA:100,0
DA:110,0
DA:111,0
DA:112,0
DA:119,0
DA:125,0
DA:126,0
DA:128,0
DA:130,0
DA:139,0
DA:151,0
DA:161,0
DA:170,79
DA:171,79
DA:172,79
DA:173,79
DA:174,79
DA:177,158
DA:181,158
DA:182,158
DA:183,158
DA:185,0
DA:190,79
DA:194,0
DA:195,0
DA:197,0
DA:201,0
DA:205,79
DA:206,79
DA:207,0
DA:212,0
DA:213,0
DA:214,0
DA:216,0
DA:222,158
DA:223,0
DA:224,0
DA:229,0
DA:230,0
DA:232,0
DA:233,0
DA:235,0
DA:236,0
DA:237,0
DA:242,0
DA:243,0
DA:245,0
DA:246,0
DA:247,0
DA:250,0
DA:251,0
DA:252,0
DA:253,0
DA:256,0
DA:257,0
DA:262,0
DA:263,0
DA:264,0
DA:265,0
DA:268,0
DA:273,0
DA:274,0
DA:284,0
DA:285,0
DA:286,0
DA:289,0
DA:290,0
DA:291,0
DA:295,0
DA:296,0
DA:298,0
DA:299,0
DA:301,0
DA:306,0
DA:307,0
DA:310,0
DA:311,0
DA:315,0
DA:319,0
DA:320,0
DA:322,0
DA:335,0
DA:339,0
DA:348,0
LF:107
LH:18
end_of_record
SF:packages/sidflow-web/lib/feedback/trainer.ts
DA:28,79
DA:38,0
DA:39,0
DA:43,0
DA:44,0
DA:45,0
DA:47,0
DA:48,0
DA:49,0
DA:53,0
DA:57,79
DA:58,79
DA:59,79
DA:60,79
DA:61,79
DA:62,79
DA:63,79
DA:67,79
DA:71,158
DA:72,158
DA:73,158
DA:75,0
DA:80,0
DA:81,0
DA:83,0
DA:84,0
DA:85,0
DA:90,0
DA:94,0
DA:98,158
DA:99,0
DA:100,0
DA:105,0
DA:106,0
DA:108,0
DA:109,0
DA:110,0
DA:111,0
DA:113,0
DA:114,0
DA:115,0
DA:116,0
DA:118,0
DA:120,0
DA:121,0
DA:122,0
DA:123,0
DA:124,0
DA:129,0
DA:130,0
DA:132,0
DA:134,0
DA:135,0
DA:136,0
DA:140,0
DA:141,0
DA:143,0
DA:147,0
DA:148,0
DA:150,0
DA:151,0
DA:152,0
DA:153,0
DA:154,0
DA:156,0
DA:160,0
DA:161,0
DA:163,0
DA:164,0
DA:165,0
DA:167,0
DA:168,0
DA:170,0
DA:174,0
DA:175,0
DA:177,0
DA:178,0
DA:179,0
DA:180,0
DA:182,0
DA:183,0
DA:184,0
DA:185,0
DA:188,0
DA:189,0
DA:190,0
DA:191,0
DA:192,0
DA:194,0
DA:195,0
DA:196,0
DA:197,0
DA:198,0
DA:200,0
DA:201,0
DA:202,0
DA:203,0
DA:205,0
DA:206,0
DA:207,0
DA:208,0
DA:212,0
DA:213,0
DA:216,0
DA:217,0
DA:219,0
DA:227,0
DA:229,0
DA:230,0
DA:232,0
DA:239,0
DA:240,0
DA:241,0
DA:243,0
DA:244,0
DA:246,0
DA:247,0
DA:248,0
DA:249,0
DA:250,0
DA:252,0
DA:253,0
DA:255,0
DA:257,0
DA:268,0
DA:269,0
DA:270,0
DA:271,0
DA:274,0
DA:276,0
DA:291,0
DA:299,0
DA:300,0
DA:302,0
DA:303,0
DA:305,0
DA:306,0
DA:308,0
DA:309,0
DA:311,0
DA:312,0
DA:313,0
LF:142
LH:13
end_of_record
SF:packages/sidflow-web/lib/feedback/use-feedback-runtime.ts
DA:5,13
DA:7,13
DA:8,3
DA:9,3
DA:10,1
DA:14,13
LF:6
LH:6
end_of_record
SF:packages/sidflow-web/lib/offline/network-status.ts
DA:8,106
DA:9,0
DA:11,106
DA:15,1088
DA:17,1088
DA:18,54
DA:19,54
DA:21,54
DA:22,54
DA:24,54
DA:25,2
DA:26,2
DA:30,1088
LF:13
LH:12
end_of_record
SF:packages/sidflow-web/lib/preferences/rom-installer.ts
DA:7,0
DA:8,0
DA:9,0
DA:10,0
DA:14,73
DA:22,0
DA:23,0
DA:24,0
DA:27,0
DA:28,0
DA:37,0
DA:38,0
DA:40,0
DA:48,0
DA:49,0
DA:50,0
DA:58,0
DA:59,0
DA:67,0
DA:68,0
DA:82,0
DA:88,0
DA:89,0
DA:91,0
DA:92,0
DA:93,0
DA:94,0
DA:95,0
DA:96,0
DA:98,0
DA:101,0
DA:102,0
DA:103,0
DA:105,0
DA:108,0
DA:109,0
DA:112,0
LF:37
LH:1
end_of_record
SF:packages/sidflow-web/lib/preferences/use-rom-manifest.ts
DA:15,9
DA:17,9
DA:18,2
DA:19,2
DA:20,2
DA:26,2
DA:27,0
DA:29,2
DA:30,2
DA:31,0
DA:33,2
DA:35,0
DA:43,9
DA:44,5
DA:45,2
DA:49,9
LF:16
LH:13
end_of_record
